Using pre-set license
Built from '2020.3/staging' branch; Version is '2020.3.19f1 (68f137dc9bbe) revision 6877495'; Using compiler version '192528614'; Build Type 'Release'
OS: 'Windows 10 Enterprise; OS build 19043.1586; Version 2009; 64bit' Language: 'en' Physical Memory: 8144 MB
BatchMode: 1, IsHumanControllingUs: 0, StartBugReporterOnCrash: 0, Is64bit: 1, IsPro: 0

COMMAND LINE ARGUMENTS:
C:\Program Files\Unity\Hub\Editor\2020.3.19f1\Editor\Unity.exe
-adb2
-batchMode
-noUpm
-name
AssetImportWorker3
-projectPath
C:/Users/Yasemin/OneDrive/OneDrive - University of Greenwich/Desktop/spongetastic1/Spongetastic/SpongetasticGame
-logFile
Logs/AssetImportWorker3.log
-srvPort
63238
Successfully changed project path to: C:/Users/Yasemin/OneDrive/OneDrive - University of Greenwich/Desktop/spongetastic1/Spongetastic/SpongetasticGame
C:/Users/Yasemin/OneDrive/OneDrive - University of Greenwich/Desktop/spongetastic1/Spongetastic/SpongetasticGame
Using Asset Import Pipeline V2.
Refreshing native plugins compatible for Editor in 111.59 ms, found 3 plugins.
Preloading 0 native plugins for Editor in 0.00 ms.
Initialize engine version: 2020.3.19f1 (68f137dc9bbe)
[Subsystems] Discovering subsystems at path C:/Program Files/Unity/Hub/Editor/2020.3.19f1/Editor/Data/Resources/UnitySubsystems
[Subsystems] Discovering subsystems at path C:/Users/Yasemin/OneDrive/OneDrive - University of Greenwich/Desktop/spongetastic1/Spongetastic/SpongetasticGame/Assets
GfxDevice: creating device client; threaded=0
Direct3D:
    Version:  Direct3D 11.0 [level 11.1]
    Renderer: NVIDIA GeForce GTX 1060 6GB (ID=0x1c03)
    Vendor:   
    VRAM:     6052 MB
    Driver:   27.21.14.5671
Initialize mono
Mono path[0] = 'C:/Program Files/Unity/Hub/Editor/2020.3.19f1/Editor/Data/Managed'
Mono path[1] = 'C:/Program Files/Unity/Hub/Editor/2020.3.19f1/Editor/Data/MonoBleedingEdge/lib/mono/unityjit'
Mono config path = 'C:/Program Files/Unity/Hub/Editor/2020.3.19f1/Editor/Data/MonoBleedingEdge/etc'
Using monoOptions --debugger-agent=transport=dt_socket,embedding=1,server=y,suspend=n,address=127.0.0.1:56424
Begin MonoManager ReloadAssembly
Registering precompiled unity dll's ...
Register platform support module: C:/Program Files/Unity/Hub/Editor/2020.3.19f1/Editor/Data/PlaybackEngines/WindowsStandaloneSupport/UnityEditor.WindowsStandalone.Extensions.dll
Registered in 0.004857 seconds.
Native extension for WindowsStandalone target not found
Refreshing native plugins compatible for Editor in 54.86 ms, found 3 plugins.
Preloading 0 native plugins for Editor in 0.00 ms.
Mono: successfully reloaded assembly
- Completed reload, in  3.370 seconds
Domain Reload Profiling:
	ReloadAssembly (3370ms)
		BeginReloadAssembly (171ms)
			ExecutionOrderSort (0ms)
			DisableScriptedObjects (0ms)
			BackupInstance (0ms)
			ReleaseScriptingObjects (0ms)
			CreateAndSetChildDomain (3ms)
		EndReloadAssembly (783ms)
			LoadAssemblies (163ms)
			RebuildTransferFunctionScriptingTraits (2ms)
			SetupTypeCache (266ms)
			ReleaseScriptCaches (0ms)
			RebuildScriptCaches (50ms)
			SetupLoadedEditorAssemblies (336ms)
				LogAssemblyErrors (0ms)
				InitializePlatformSupportModulesInManaged (7ms)
				SetLoadedEditorAssemblies (0ms)
				RefreshPlugins (55ms)
				BeforeProcessingInitializeOnLoad (31ms)
				ProcessInitializeOnLoadAttributes (167ms)
				ProcessInitializeOnLoadMethodAttributes (75ms)
				AfterProcessingInitializeOnLoad (0ms)
				EditorAssembliesLoaded (1ms)
			ExecutionOrderSort2 (0ms)
			AwakeInstancesAfterBackupRestoration (0ms)
Platform modules already initialized, skipping
Registering precompiled user dll's ...
Registered in 0.016817 seconds.
Begin MonoManager ReloadAssembly
Native extension for WindowsStandalone target not found
Refreshing native plugins compatible for Editor in 61.10 ms, found 3 plugins.
Preloading 0 native plugins for Editor in 0.00 ms.
Mono: successfully reloaded assembly
- Completed reload, in  5.852 seconds
Domain Reload Profiling:
	ReloadAssembly (5865ms)
		BeginReloadAssembly (440ms)
			ExecutionOrderSort (0ms)
			DisableScriptedObjects (6ms)
			BackupInstance (0ms)
			ReleaseScriptingObjects (0ms)
			CreateAndSetChildDomain (71ms)
		EndReloadAssembly (5289ms)
			LoadAssemblies (457ms)
			RebuildTransferFunctionScriptingTraits (0ms)
			SetupTypeCache (995ms)
			ReleaseScriptCaches (1ms)
			RebuildScriptCaches (359ms)
			SetupLoadedEditorAssemblies (1484ms)
				LogAssemblyErrors (0ms)
				InitializePlatformSupportModulesInManaged (7ms)
				SetLoadedEditorAssemblies (0ms)
				RefreshPlugins (61ms)
				BeforeProcessingInitializeOnLoad (156ms)
				ProcessInitializeOnLoadAttributes (1191ms)
				ProcessInitializeOnLoadMethodAttributes (58ms)
				AfterProcessingInitializeOnLoad (10ms)
				EditorAssembliesLoaded (0ms)
			ExecutionOrderSort2 (0ms)
			AwakeInstancesAfterBackupRestoration (11ms)
Platform modules already initialized, skipping
========================================================================
Worker process is ready to serve import requests
Launched and connected shader compiler UnityShaderCompiler.exe after 0.22 seconds
Refreshing native plugins compatible for Editor in 0.57 ms, found 3 plugins.
Preloading 0 native plugins for Editor in 0.00 ms.
Unloading 2126 Unused Serialized files (Serialized files now loaded: 0)
System memory in use before: 94.7 MB.
System memory in use after: 94.8 MB.

Unloading 26 unused Assets to reduce memory usage. Loaded Objects now: 2566.
Total: 26.171900 ms (FindLiveObjects: 0.235200 ms CreateObjectMapping: 0.118400 ms MarkObjects: 12.208200 ms  DeleteObjects: 13.607800 ms)

AssetImportParameters requested are different than current active one (requested -> active):
  custom:framework-win-MediaFoundation: 216162199b28c13a410421893ffa2e32 -> 
  custom:video-decoder-ogg-theora: a1e56fd34408186e4bbccfd4996cb3dc -> 
  custom:container-muxer-webm: aa71ff27fc2769a1b78a27578f13a17b -> 
  custom:container-demuxer-webm: 4f35f7cbe854078d1ac9338744f61a02 -> 
  custom:container-demuxer-ogg: 62fdf1f143b41e24485cea50d1cbac27 -> 
  custom:video-encoder-webm-vp8: eb34c28f22e8b96e1ab97ce403110664 -> 
  custom:video-decoder-webm-vp8: 9c59270c3fd7afecdb556c50c9e8de78 -> 
  custom:audio-decoder-ogg-vorbis: bf7c407c2cedff20999df2af8eb42d56 -> 
  custom:audio-encoder-webm-vorbis: bf7c407c2cedff20999df2af8eb42d56 -> 
========================================================================
Received Import Request.
  path: Assets/UserInterface_Yasemin/Sprites/StartButton copy.png
  artifactKey: Guid(4a1e3916265a2f04ab4897b074be3743) Importer(815301076,1909f56bfc062723c751e8b465ee728b)
Start importing Assets/UserInterface_Yasemin/Sprites/StartButton copy.png using Guid(4a1e3916265a2f04ab4897b074be3743) Importer(815301076,1909f56bfc062723c751e8b465ee728b)  -> (artifact id: 'cf08ae881e4ae72dfc9a796b8be9231d') in 0.301637 seconds 
  Import took 0.319755 seconds .

========================================================================
Received Import Request.
  Time since last request: 0.000388 seconds.
  path: Assets/UserInterface_Yasemin/Sprites/Settings_Button copy.png
  artifactKey: Guid(4d52bae7e80478344ad4e696b4ae17d3) Importer(815301076,1909f56bfc062723c751e8b465ee728b)
Start importing Assets/UserInterface_Yasemin/Sprites/Settings_Button copy.png using Guid(4d52bae7e80478344ad4e696b4ae17d3) Importer(815301076,1909f56bfc062723c751e8b465ee728b)  -> (artifact id: '026439a89b299bfd1e984c0f60caee45') in 0.035936 seconds 
  Import took 0.041796 seconds .

========================================================================
Received Import Request.
  Time since last request: 0.000241 seconds.
  path: Assets/UserInterface_Yasemin/Sprites/GUIbubble copy.png
  artifactKey: Guid(4781af144898eea48ae608b47e908145) Importer(815301076,1909f56bfc062723c751e8b465ee728b)
Start importing Assets/UserInterface_Yasemin/Sprites/GUIbubble copy.png using Guid(4781af144898eea48ae608b47e908145) Importer(815301076,1909f56bfc062723c751e8b465ee728b)  -> (artifact id: 'b7fb1c183bb2cdecb46a550bbdb8837b') in 0.053140 seconds 
  Import took 0.062001 seconds .

========================================================================
Received Import Request.
  Time since last request: 0.000297 seconds.
  path: Assets/UserInterface_Yasemin/Sprites/BackButton copy.png
  artifactKey: Guid(6b9cdb4aedd639c4184d642875885b6c) Importer(815301076,1909f56bfc062723c751e8b465ee728b)
Start importing Assets/UserInterface_Yasemin/Sprites/BackButton copy.png using Guid(6b9cdb4aedd639c4184d642875885b6c) Importer(815301076,1909f56bfc062723c751e8b465ee728b)  -> (artifact id: 'ea5ced1c4632640307a1dd72ba191323') in 0.048152 seconds 
  Import took 0.053644 seconds .

========================================================================
Received Import Request.
  Time since last request: 0.000228 seconds.
  path: Assets/UserInterface_Yasemin/Sprites/background.png
  artifactKey: Guid(3ef5e710313e20240a7d9761a441e2ea) Importer(815301076,1909f56bfc062723c751e8b465ee728b)
Start importing Assets/UserInterface_Yasemin/Sprites/background.png using Guid(3ef5e710313e20240a7d9761a441e2ea) Importer(815301076,1909f56bfc062723c751e8b465ee728b)  -> (artifact id: '73c0595f990ed26d0a6b4056a42fe587') in 0.092124 seconds 
  Import took 0.099934 seconds .

========================================================================
Received Import Request.
  Time since last request: 0.000230 seconds.
  path: Assets/UserInterface_Yasemin/Sprites/Title copy.png
  artifactKey: Guid(7cb7215709e87a34483001b4421bee2f) Importer(815301076,1909f56bfc062723c751e8b465ee728b)
Start importing Assets/UserInterface_Yasemin/Sprites/Title copy.png using Guid(7cb7215709e87a34483001b4421bee2f) Importer(815301076,1909f56bfc062723c751e8b465ee728b)  -> (artifact id: '93ff4cc9fa3945e9d1e35a85b1251be6') in 0.046950 seconds 
  Import took 0.053268 seconds .

========================================================================
Received Import Request.
  Time since last request: 0.033761 seconds.
  path: Assets/UserInterface_Yasemin/Sprites/TitleHalf.png
  artifactKey: Guid(975e3774b8bcf924ebca938fdb19f1e1) Importer(815301076,1909f56bfc062723c751e8b465ee728b)
Start importing Assets/UserInterface_Yasemin/Sprites/TitleHalf.png using Guid(975e3774b8bcf924ebca938fdb19f1e1) Importer(815301076,1909f56bfc062723c751e8b465ee728b)  -> (artifact id: '5c946119791d54c36a29f1bc2e68e0b6') in 0.198399 seconds 
  Import took 0.237513 seconds .

========================================================================
Received Import Request.
  Time since last request: 0.000280 seconds.
  path: Assets/UserInterface_Yasemin/Sprites/MagnifyingAssets copy.png
  artifactKey: Guid(ad161ca881d515b46a015d1cc80d5282) Importer(815301076,1909f56bfc062723c751e8b465ee728b)
Start importing Assets/UserInterface_Yasemin/Sprites/MagnifyingAssets copy.png using Guid(ad161ca881d515b46a015d1cc80d5282) Importer(815301076,1909f56bfc062723c751e8b465ee728b)  -> (artifact id: '149ab3871e8fad229697cac6918a5afb') in 0.035226 seconds 
  Import took 0.047052 seconds .

========================================================================
Received Import Request.
  Time since last request: 0.012398 seconds.
  path: Assets/UserInterface_Yasemin/Sprites/Quit_Button copy.png
  artifactKey: Guid(447a92fc4e26797489fe31cfe2424eaa) Importer(815301076,1909f56bfc062723c751e8b465ee728b)
Start importing Assets/UserInterface_Yasemin/Sprites/Quit_Button copy.png using Guid(447a92fc4e26797489fe31cfe2424eaa) Importer(815301076,1909f56bfc062723c751e8b465ee728b)  -> (artifact id: 'ea1700424dfda11b1f7139890cee980b') in 0.039639 seconds 
  Import took 0.056772 seconds .

========================================================================
Received Import Request.
  Time since last request: 0.000296 seconds.
  path: Assets/UserInterface_Yasemin/Sprites
  artifactKey: Guid(6893c4a6f8a625e438a5347f329f2fd8) Importer(815301076,1909f56bfc062723c751e8b465ee728b)
Start importing Assets/UserInterface_Yasemin/Sprites using Guid(6893c4a6f8a625e438a5347f329f2fd8) Importer(815301076,1909f56bfc062723c751e8b465ee728b)  -> (artifact id: 'ebf59043ce9a3b16914f12262656d8ec') in 0.027121 seconds 
  Import took 0.041024 seconds .

========================================================================
Received Import Request.
  Time since last request: 0.000218 seconds.
  path: Assets/UserInterface_Yasemin/Sprites/MusicSlider.png
  artifactKey: Guid(934e2304174c884449414fa22ae1ad0d) Importer(815301076,1909f56bfc062723c751e8b465ee728b)
Start importing Assets/UserInterface_Yasemin/Sprites/MusicSlider.png using Guid(934e2304174c884449414fa22ae1ad0d) Importer(815301076,1909f56bfc062723c751e8b465ee728b)  -> (artifact id: '07c9b89a854dd8275226e95aa2dae9ca') in 0.048697 seconds 
  Import took 0.059959 seconds .

========================================================================
Received Import Request.
  Time since last request: 0.000349 seconds.
  path: Assets/UserInterface_Yasemin/Sprites/NotForLevel.png
  artifactKey: Guid(efedddc4f2863a94eb5bdc26e3b7481b) Importer(815301076,1909f56bfc062723c751e8b465ee728b)
Start importing Assets/UserInterface_Yasemin/Sprites/NotForLevel.png using Guid(efedddc4f2863a94eb5bdc26e3b7481b) Importer(815301076,1909f56bfc062723c751e8b465ee728b)  -> (artifact id: '571f8cbb2dc93beddb0ffc4ba359ee60') in 0.031480 seconds 
  Import took 0.047180 seconds .

========================================================================
Received Import Request.
  Time since last request: 0.000230 seconds.
  path: Assets/UserInterface_Yasemin/Sprites/SettingsTitle.png
  artifactKey: Guid(20cd2de27c8663b4ba4b9f5d6cd9706c) Importer(815301076,1909f56bfc062723c751e8b465ee728b)
Start importing Assets/UserInterface_Yasemin/Sprites/SettingsTitle.png using Guid(20cd2de27c8663b4ba4b9f5d6cd9706c) Importer(815301076,1909f56bfc062723c751e8b465ee728b)  -> (artifact id: '6682d937488431c0eeb489ed221e2bb9') in 0.037591 seconds 
  Import took 0.043057 seconds .

========================================================================
Received Import Request.
  Time since last request: 2625.527209 seconds.
  path: Assets/Scenes/MainMenuScenes
  artifactKey: Guid(394c48022b79c034590456397824d0f6) Importer(815301076,1909f56bfc062723c751e8b465ee728b)
Start importing Assets/Scenes/MainMenuScenes using Guid(394c48022b79c034590456397824d0f6) Importer(815301076,1909f56bfc062723c751e8b465ee728b)  -> (artifact id: 'bd82f8f635b8b6e219993e5e8d2b1730') in 0.036040 seconds 
  Import took 0.352255 seconds .

========================================================================
Received Import Request.
  Time since last request: 0.697283 seconds.
  path: Assets/Scenes/SampleScene.unity
  artifactKey: Guid(2cda990e2423bbf4892e6590ba056729) Importer(815301076,1909f56bfc062723c751e8b465ee728b)
Start importing Assets/Scenes/SampleScene.unity using Guid(2cda990e2423bbf4892e6590ba056729) Importer(815301076,1909f56bfc062723c751e8b465ee728b)  -> (artifact id: 'e21d6af71f6a9d21e592c8f525f6ef84') in 0.106415 seconds 
  Import took 0.112831 seconds .

========================================================================
Received Import Request.
  Time since last request: 8.044863 seconds.
  path: Assets/Scenes/ChloeTestingScene1.unity
  artifactKey: Guid(a066d6745b3cfe84e8db30a8b0b559f4) Importer(815301076,1909f56bfc062723c751e8b465ee728b)
Start importing Assets/Scenes/ChloeTestingScene1.unity using Guid(a066d6745b3cfe84e8db30a8b0b559f4) Importer(815301076,1909f56bfc062723c751e8b465ee728b)  -> (artifact id: '7baefd571e10d548f7b275f046c4a86d') in 0.016209 seconds 
  Import took 0.025171 seconds .

========================================================================
Received Import Request.
  Time since last request: 44.222037 seconds.
  path: Assets/Scenes
  artifactKey: Guid(9fd3f2f68ca87f34a878656f7631d67b) Importer(815301076,1909f56bfc062723c751e8b465ee728b)
Start importing Assets/Scenes using Guid(9fd3f2f68ca87f34a878656f7631d67b) Importer(815301076,1909f56bfc062723c751e8b465ee728b)  -> (artifact id: 'd1b3dd048f16881d7cd31f19f1750721') in 0.011255 seconds 
  Import took 0.016980 seconds .

========================================================================
Received Import Request.
  Time since last request: 8.368823 seconds.
  path: Assets/Scenes/PracticeYas.unity
  artifactKey: Guid(fa3b5292e75047f469f414f9c5761109) Importer(815301076,1909f56bfc062723c751e8b465ee728b)
Start importing Assets/Scenes/PracticeYas.unity using Guid(fa3b5292e75047f469f414f9c5761109) Importer(815301076,1909f56bfc062723c751e8b465ee728b)  -> (artifact id: 'a986490fa04882dd79ef7d3ca0ec433e') in 0.021673 seconds 
  Import took 0.029868 seconds .

========================================================================
Received Import Request.
  Time since last request: 86.619284 seconds.
  path: Assets/Assets/Cleaning-Modular_Yasemin/Window_Cleaner.png
  artifactKey: Guid(473655e5f1d96df468a9d0f597fd08b5) Importer(815301076,1909f56bfc062723c751e8b465ee728b)
Start importing Assets/Assets/Cleaning-Modular_Yasemin/Window_Cleaner.png using Guid(473655e5f1d96df468a9d0f597fd08b5) Importer(815301076,1909f56bfc062723c751e8b465ee728b)  -> (artifact id: '611a1279521ea488e95603662dd6b260') in 0.253844 seconds 
  Import took 0.259950 seconds .

========================================================================
Received Import Request.
  Time since last request: 0.000231 seconds.
  path: Assets/Assets/Living room_Gintare/TV.png
  artifactKey: Guid(f755f0d3e0882904d92fe391748c729d) Importer(815301076,1909f56bfc062723c751e8b465ee728b)
Start importing Assets/Assets/Living room_Gintare/TV.png using Guid(f755f0d3e0882904d92fe391748c729d) Importer(815301076,1909f56bfc062723c751e8b465ee728b)  -> (artifact id: '5782e7353f0b0fcea4e0b9edacd6e321') in 0.044919 seconds 
  Import took 0.050899 seconds .

========================================================================
Received Import Request.
  Time since last request: 0.000316 seconds.
  path: Assets/Assets/Modular and other assets_Gintare/Window modural.png
  artifactKey: Guid(690a65d5988f31343ac0ed5fab654d09) Importer(815301076,1909f56bfc062723c751e8b465ee728b)
Start importing Assets/Assets/Modular and other assets_Gintare/Window modural.png using Guid(690a65d5988f31343ac0ed5fab654d09) Importer(815301076,1909f56bfc062723c751e8b465ee728b)  -> (artifact id: '94a8e8dcbd4242ffa6cf9ccd48b68031') in 0.043572 seconds 
  Import took 0.053615 seconds .

========================================================================
Received Import Request.
  Time since last request: 0.000230 seconds.
  path: Assets/Assets/Modular and other assets_Gintare/Trash 3.png
  artifactKey: Guid(4a7c95f822f4659469b0c868c2b2ef5b) Importer(815301076,1909f56bfc062723c751e8b465ee728b)
Start importing Assets/Assets/Modular and other assets_Gintare/Trash 3.png using Guid(4a7c95f822f4659469b0c868c2b2ef5b) Importer(815301076,1909f56bfc062723c751e8b465ee728b)  -> (artifact id: '0860d33d788bc6846dba764b8b8f3c24') in 0.058240 seconds 
  Import took 0.062137 seconds .

========================================================================
Received Import Request.
  Time since last request: 0.000193 seconds.
  path: Assets/Assets/Bathroom_Yasemin/watrerDroplets copy.png
  artifactKey: Guid(3cbce7b66105ba2499738e01a495efd2) Importer(815301076,1909f56bfc062723c751e8b465ee728b)
Start importing Assets/Assets/Bathroom_Yasemin/watrerDroplets copy.png using Guid(3cbce7b66105ba2499738e01a495efd2) Importer(815301076,1909f56bfc062723c751e8b465ee728b)  -> (artifact id: '2e0f4108511c86d96395a023f3cf253b') in 0.052374 seconds 
  Import took 0.057667 seconds .

========================================================================
Received Import Request.
  Time since last request: 0.000200 seconds.
  path: Assets/Assets/Modular and other assets_Gintare/Trash 2.png
  artifactKey: Guid(43e0f65cf01cfc949ba890f6e5ffb4ac) Importer(815301076,1909f56bfc062723c751e8b465ee728b)
Start importing Assets/Assets/Modular and other assets_Gintare/Trash 2.png using Guid(43e0f65cf01cfc949ba890f6e5ffb4ac) Importer(815301076,1909f56bfc062723c751e8b465ee728b)  -> (artifact id: '4e73a487d8591500e13a1f32da1e12ab') in 0.038669 seconds 
  Import took 0.042469 seconds .

========================================================================
Received Import Request.
  Time since last request: 0.000237 seconds.
  path: Assets/Assets/Modular and other assets_Gintare/Trash 1.png
  artifactKey: Guid(df474fc21853be740bb98df59294f029) Importer(815301076,1909f56bfc062723c751e8b465ee728b)
Start importing Assets/Assets/Modular and other assets_Gintare/Trash 1.png using Guid(df474fc21853be740bb98df59294f029) Importer(815301076,1909f56bfc062723c751e8b465ee728b)  -> (artifact id: '097037ce2b924b15b5d9543e3f7c5aa8') in 0.039762 seconds 
  Import took 0.044477 seconds .

========================================================================
Received Import Request.
  Time since last request: 0.259154 seconds.
  path: Assets/Assets/Modular and other assets_Gintare/Sponge.png
  artifactKey: Guid(0b381b4c1f1b4094c9de80778eef2cb5) Importer(815301076,1909f56bfc062723c751e8b465ee728b)
Start importing Assets/Assets/Modular and other assets_Gintare/Sponge.png using Guid(0b381b4c1f1b4094c9de80778eef2cb5) Importer(815301076,1909f56bfc062723c751e8b465ee728b)  -> (artifact id: 'c8e48cd6b7677a98c7456e0472dfd576') in 0.044703 seconds 
  Import took 0.050877 seconds .

========================================================================
Received Import Request.
  Time since last request: 0.000259 seconds.
  path: Assets/Assets/Cleaning-Modular_Yasemin/Shelf.png
  artifactKey: Guid(32d87b7083a5dcd4baa93a0b007491ac) Importer(815301076,1909f56bfc062723c751e8b465ee728b)
Start importing Assets/Assets/Cleaning-Modular_Yasemin/Shelf.png using Guid(32d87b7083a5dcd4baa93a0b007491ac) Importer(815301076,1909f56bfc062723c751e8b465ee728b)  -> (artifact id: '08af7932807c3fe4d349eb10914e79be') in 0.031866 seconds 
  Import took 0.037198 seconds .

========================================================================
Received Import Request.
  Time since last request: 0.000961 seconds.
  path: Assets/Assets/StudyRoom_Yasemin/officebookblue.png
  artifactKey: Guid(ab24e4c982f66bd4ca89f000fa9808ea) Importer(815301076,1909f56bfc062723c751e8b465ee728b)
Start importing Assets/Assets/StudyRoom_Yasemin/officebookblue.png using Guid(ab24e4c982f66bd4ca89f000fa9808ea) Importer(815301076,1909f56bfc062723c751e8b465ee728b)  -> (artifact id: 'f554dc99127faa59e8a742fe46471991') in 0.028722 seconds 
  Import took 0.034647 seconds .

========================================================================
Received Import Request.
  Time since last request: 0.000211 seconds.
  path: Assets/Assets/StudyRoom_Yasemin/officebookred.png
  artifactKey: Guid(e247255e4fc6a284b9edcde3b1bacbbc) Importer(815301076,1909f56bfc062723c751e8b465ee728b)
Start importing Assets/Assets/StudyRoom_Yasemin/officebookred.png using Guid(e247255e4fc6a284b9edcde3b1bacbbc) Importer(815301076,1909f56bfc062723c751e8b465ee728b)  -> (artifact id: '6207e9058509358c6209043e9f830084') in 0.026639 seconds 
  Import took 0.032338 seconds .

========================================================================
Received Import Request.
  Time since last request: 0.000308 seconds.
  path: Assets/Assets/Kitchen_Yasemin/kitchen.png
  artifactKey: Guid(fe8aeedd3b87a3243909daa4860d4038) Importer(815301076,1909f56bfc062723c751e8b465ee728b)
Start importing Assets/Assets/Kitchen_Yasemin/kitchen.png using Guid(fe8aeedd3b87a3243909daa4860d4038) Importer(815301076,1909f56bfc062723c751e8b465ee728b)  -> (artifact id: '7555ca27770cea98743badfe5669aaee') in 0.036614 seconds 
  Import took 0.041653 seconds .

========================================================================
Received Import Request.
  Time since last request: 0.000218 seconds.
  path: Assets/Assets/Living room_Gintare/Armchair.png
  artifactKey: Guid(456acb45436457d4b957f2478624e34a) Importer(815301076,1909f56bfc062723c751e8b465ee728b)
Start importing Assets/Assets/Living room_Gintare/Armchair.png using Guid(456acb45436457d4b957f2478624e34a) Importer(815301076,1909f56bfc062723c751e8b465ee728b)  -> (artifact id: '550436f69159b2d73234f030199e01f4') in 0.039500 seconds 
  Import took 0.045475 seconds .

========================================================================
Received Import Request.
  Time since last request: 0.000196 seconds.
  path: Assets/Assets/StudyRoom_Yasemin/officetable.png
  artifactKey: Guid(e1706bdc838e3ad40a8a9ebf9433fbdd) Importer(815301076,1909f56bfc062723c751e8b465ee728b)
Start importing Assets/Assets/StudyRoom_Yasemin/officetable.png using Guid(e1706bdc838e3ad40a8a9ebf9433fbdd) Importer(815301076,1909f56bfc062723c751e8b465ee728b)  -> (artifact id: 'fe5520a8b0788440e357758ce2259fe0') in 0.026658 seconds 
  Import took 0.033753 seconds .

========================================================================
Received Import Request.
  Time since last request: 0.000230 seconds.
  path: Assets/Assets/Cleaning-Modular_Yasemin/Broom.png
  artifactKey: Guid(8a56d642fa24ad2499d5c83e8403f58f) Importer(815301076,1909f56bfc062723c751e8b465ee728b)
Start importing Assets/Assets/Cleaning-Modular_Yasemin/Broom.png using Guid(8a56d642fa24ad2499d5c83e8403f58f) Importer(815301076,1909f56bfc062723c751e8b465ee728b)  -> (artifact id: 'ab5b8394cd2217e214b1e08fb645fc62') in 0.028085 seconds 
  Import took 0.033099 seconds .

========================================================================
Received Import Request.
  Time since last request: 0.000215 seconds.
  path: Assets/Assets/Modular and other assets_Gintare/Shelf.png
  artifactKey: Guid(3d214561ef16ab4468b327b27ffa4d6d) Importer(815301076,1909f56bfc062723c751e8b465ee728b)
Start importing Assets/Assets/Modular and other assets_Gintare/Shelf.png using Guid(3d214561ef16ab4468b327b27ffa4d6d) Importer(815301076,1909f56bfc062723c751e8b465ee728b)  -> (artifact id: 'c33d9ca2c342c853b62dbb474f18464f') in 0.026310 seconds 
  Import took 0.030820 seconds .

========================================================================
Received Import Request.
  Time since last request: 0.000218 seconds.
  path: Assets/Assets/StudyRoom_Yasemin/officeshelf.png
  artifactKey: Guid(202e6bec9f6fc5f4eb091f2f9674b6a7) Importer(815301076,1909f56bfc062723c751e8b465ee728b)
Start importing Assets/Assets/StudyRoom_Yasemin/officeshelf.png using Guid(202e6bec9f6fc5f4eb091f2f9674b6a7) Importer(815301076,1909f56bfc062723c751e8b465ee728b)  -> (artifact id: 'f3bdbe816e4d967f895bf0754fbd2836') in 0.023077 seconds 
  Import took 0.028239 seconds .

========================================================================
Received Import Request.
  Time since last request: 0.000217 seconds.
  path: Assets/Assets/Character_Yasemin/HazmattSuitBack.png
  artifactKey: Guid(8d0ed3175560c6844a3826f78e2baf1d) Importer(815301076,1909f56bfc062723c751e8b465ee728b)
Start importing Assets/Assets/Character_Yasemin/HazmattSuitBack.png using Guid(8d0ed3175560c6844a3826f78e2baf1d) Importer(815301076,1909f56bfc062723c751e8b465ee728b)  -> (artifact id: 'cb1c93be547755c083c5d6cb32accf07') in 0.039966 seconds 
  Import took 0.044306 seconds .

========================================================================
Received Import Request.
  Time since last request: 0.000222 seconds.
  path: Assets/Assets/Living room_Gintare/Room.png
  artifactKey: Guid(76f7b3ec7e956d441afc340642a1ffce) Importer(815301076,1909f56bfc062723c751e8b465ee728b)
Start importing Assets/Assets/Living room_Gintare/Room.png using Guid(76f7b3ec7e956d441afc340642a1ffce) Importer(815301076,1909f56bfc062723c751e8b465ee728b)  -> (artifact id: 'aa69c48c3d0b2a347334f7e5ccbe9365') in 0.037796 seconds 
  Import took 0.042341 seconds .

========================================================================
Received Import Request.
  Time since last request: 0.000198 seconds.
  path: Assets/Assets/Modular and other assets_Gintare/Other, chemicals 2.png
  artifactKey: Guid(bf81c3b1bf0885945ac23bd3b41fc3e7) Importer(815301076,1909f56bfc062723c751e8b465ee728b)
Start importing Assets/Assets/Modular and other assets_Gintare/Other, chemicals 2.png using Guid(bf81c3b1bf0885945ac23bd3b41fc3e7) Importer(815301076,1909f56bfc062723c751e8b465ee728b)  -> (artifact id: '69697cfb363661ea2c82a3f984ab8934') in 0.031032 seconds 
  Import took 0.035314 seconds .

========================================================================
Received Import Request.
  Time since last request: 0.000301 seconds.
  path: Assets/Assets/Kitchen_Yasemin/peachslices.png
  artifactKey: Guid(b4d5806de1bcfd34a9fcec67ff6cd96d) Importer(815301076,1909f56bfc062723c751e8b465ee728b)
Start importing Assets/Assets/Kitchen_Yasemin/peachslices.png using Guid(b4d5806de1bcfd34a9fcec67ff6cd96d) Importer(815301076,1909f56bfc062723c751e8b465ee728b)  -> (artifact id: 'b3626ef36dda84290575c3583681aa7e') in 0.031264 seconds 
  Import took 0.036420 seconds .

========================================================================
Received Import Request.
  Time since last request: 0.000239 seconds.
  path: Assets/Assets/Kitchen_Yasemin/background copy.png
  artifactKey: Guid(51df3d2c478501d4795a4fe81852424f) Importer(815301076,1909f56bfc062723c751e8b465ee728b)
Start importing Assets/Assets/Kitchen_Yasemin/background copy.png using Guid(51df3d2c478501d4795a4fe81852424f) Importer(815301076,1909f56bfc062723c751e8b465ee728b)  -> (artifact id: 'c7776c73e90d938197c23a0a8c554615') in 0.026984 seconds 
  Import took 0.032280 seconds .

========================================================================
Received Import Request.
  Time since last request: 0.000497 seconds.
  path: Assets/Assets/Bathroom_Yasemin/Mirror.png
  artifactKey: Guid(637a9f6d169be06419c54c58b25e3931) Importer(815301076,1909f56bfc062723c751e8b465ee728b)
Start importing Assets/Assets/Bathroom_Yasemin/Mirror.png using Guid(637a9f6d169be06419c54c58b25e3931) Importer(815301076,1909f56bfc062723c751e8b465ee728b)  -> (artifact id: 'b498e9d6b0335413187d8400ec1ea9f1') in 0.031914 seconds 
  Import took 0.037784 seconds .

========================================================================
Received Import Request.
  Time since last request: 0.000267 seconds.
  path: Assets/Assets/Kitchen_Yasemin/peas.png
  artifactKey: Guid(6774705c4fc9f4740a38815d198ec338) Importer(815301076,1909f56bfc062723c751e8b465ee728b)
Start importing Assets/Assets/Kitchen_Yasemin/peas.png using Guid(6774705c4fc9f4740a38815d198ec338) Importer(815301076,1909f56bfc062723c751e8b465ee728b)  -> (artifact id: 'b46a430e8fc27ea07c52e8afaaef64a8') in 0.026723 seconds 
  Import took 0.032088 seconds .

========================================================================
Received Import Request.
  Time since last request: 0.000211 seconds.
  path: Assets/Assets/Modular and other assets_Gintare/bookself modular.png
  artifactKey: Guid(45b25895dcce7fb40b8b54da09001d00) Importer(815301076,1909f56bfc062723c751e8b465ee728b)
Start importing Assets/Assets/Modular and other assets_Gintare/bookself modular.png using Guid(45b25895dcce7fb40b8b54da09001d00) Importer(815301076,1909f56bfc062723c751e8b465ee728b)  -> (artifact id: 'd7ec1df1b7840a13c089dce757da7a25') in 0.035286 seconds 
  Import took 0.040480 seconds .

========================================================================
Received Import Request.
  Time since last request: 0.000199 seconds.
  path: Assets/Assets/StudyRoom_Yasemin/studyroomBackground copy.png
  artifactKey: Guid(67d85f8c4db819146969efca712878a0) Importer(815301076,1909f56bfc062723c751e8b465ee728b)
Start importing Assets/Assets/StudyRoom_Yasemin/studyroomBackground copy.png using Guid(67d85f8c4db819146969efca712878a0) Importer(815301076,1909f56bfc062723c751e8b465ee728b)  -> (artifact id: 'f863e0af2b2a7399a2d850374780a300') in 0.029978 seconds 
  Import took 0.035084 seconds .

========================================================================
Received Import Request.
  Time since last request: 0.000212 seconds.
  path: Assets/Assets/Kitchen_Yasemin/SpongetasticSponge.png
  artifactKey: Guid(a6f5500262740b04fb847195d284978f) Importer(815301076,1909f56bfc062723c751e8b465ee728b)
Start importing Assets/Assets/Kitchen_Yasemin/SpongetasticSponge.png using Guid(a6f5500262740b04fb847195d284978f) Importer(815301076,1909f56bfc062723c751e8b465ee728b)  -> (artifact id: '8361ee963383651a1a89d6f99ab9bfad') in 0.026766 seconds 
  Import took 0.032100 seconds .

========================================================================
Received Import Request.
  Time since last request: 0.000241 seconds.
  path: Assets/bathmatt copy.png
  artifactKey: Guid(87fe3b5bcb76ad44a9c37c0d8a628478) Importer(815301076,1909f56bfc062723c751e8b465ee728b)
Start importing Assets/bathmatt copy.png using Guid(87fe3b5bcb76ad44a9c37c0d8a628478) Importer(815301076,1909f56bfc062723c751e8b465ee728b)  -> (artifact id: 'c5ba54b98b2c1f82d6f17c719b3c517d') in 0.031006 seconds 
  Import took 0.036097 seconds .

========================================================================
Received Import Request.
  Time since last request: 0.000313 seconds.
  path: Assets/Assets/Kitchen_Yasemin/ovenopen.png
  artifactKey: Guid(7eacebc7abbb6c042b1c50d33835f9c1) Importer(815301076,1909f56bfc062723c751e8b465ee728b)
Start importing Assets/Assets/Kitchen_Yasemin/ovenopen.png using Guid(7eacebc7abbb6c042b1c50d33835f9c1) Importer(815301076,1909f56bfc062723c751e8b465ee728b)  -> (artifact id: '287cc14a28b95cd1c7bdcc5f8f65941a') in 0.030863 seconds 
  Import took 0.035631 seconds .

========================================================================
Received Import Request.
  Time since last request: 0.000247 seconds.
  path: Assets/Assets/Kitchen_Yasemin/cabinetopen.png
  artifactKey: Guid(8d7fd3765143eed4497cfbd1676dd303) Importer(815301076,1909f56bfc062723c751e8b465ee728b)
Start importing Assets/Assets/Kitchen_Yasemin/cabinetopen.png using Guid(8d7fd3765143eed4497cfbd1676dd303) Importer(815301076,1909f56bfc062723c751e8b465ee728b)  -> (artifact id: 'eda10c4c8b4c63b568bf33640d1fe8fe') in 0.022210 seconds 
  Import took 0.026863 seconds .

========================================================================
Received Import Request.
  Time since last request: 0.000243 seconds.
  path: Assets/Assets/Modular and other assets_Gintare/Other, chemicals 3.png
  artifactKey: Guid(f63f542810fbd9641bfa6a17bd1b0826) Importer(815301076,1909f56bfc062723c751e8b465ee728b)
Start importing Assets/Assets/Modular and other assets_Gintare/Other, chemicals 3.png using Guid(f63f542810fbd9641bfa6a17bd1b0826) Importer(815301076,1909f56bfc062723c751e8b465ee728b)  -> (artifact id: 'b77b05b5007bcdb1843cad28b224c1d2') in 0.032248 seconds 
  Import took 0.036864 seconds .

========================================================================
Received Import Request.
  Time since last request: 0.000376 seconds.
  path: Assets/Assets/Character_Yasemin/HazmattSuitFront.png
  artifactKey: Guid(b0854c2d0bd04454492b0c995c39f2d6) Importer(815301076,1909f56bfc062723c751e8b465ee728b)
Start importing Assets/Assets/Character_Yasemin/HazmattSuitFront.png using Guid(b0854c2d0bd04454492b0c995c39f2d6) Importer(815301076,1909f56bfc062723c751e8b465ee728b)  -> (artifact id: 'ae6f7667c785e8528ead5ab4c0715c65') in 0.026876 seconds 
  Import took 0.031243 seconds .

========================================================================
Received Import Request.
  Time since last request: 0.000212 seconds.
  path: Assets/Assets/Cleaning-Modular_Yasemin/Bin.png
  artifactKey: Guid(f3fc702b17ce8884c94752e154934a24) Importer(815301076,1909f56bfc062723c751e8b465ee728b)
Start importing Assets/Assets/Cleaning-Modular_Yasemin/Bin.png using Guid(f3fc702b17ce8884c94752e154934a24) Importer(815301076,1909f56bfc062723c751e8b465ee728b)  -> (artifact id: '0715a80dfa4f7be53bb6988e067f2423') in 0.028257 seconds 
  Import took 0.032580 seconds .

========================================================================
Received Import Request.
  Time since last request: 0.000201 seconds.
  path: Assets/Assets/Bedroom_Gintare/Closet.png
  artifactKey: Guid(fc4e9fb435b34594d9a0e1ce4944a873) Importer(815301076,1909f56bfc062723c751e8b465ee728b)
Start importing Assets/Assets/Bedroom_Gintare/Closet.png using Guid(fc4e9fb435b34594d9a0e1ce4944a873) Importer(815301076,1909f56bfc062723c751e8b465ee728b)  -> (artifact id: '562bfe3dbc4d8849bc53af2ea97db218') in 0.033607 seconds 
  Import took 0.038414 seconds .

========================================================================
Received Import Request.
  Time since last request: 0.000200 seconds.
  path: Assets/Assets/Cleaning-Modular_Yasemin/RecyclingBin.png
  artifactKey: Guid(3a4fbb2092c9b7b4c9d13a76cad71e32) Importer(815301076,1909f56bfc062723c751e8b465ee728b)
Start importing Assets/Assets/Cleaning-Modular_Yasemin/RecyclingBin.png using Guid(3a4fbb2092c9b7b4c9d13a76cad71e32) Importer(815301076,1909f56bfc062723c751e8b465ee728b)  -> (artifact id: '399300d58009aa5c7c0a2ed1fafc8bd0') in 0.032266 seconds 
  Import took 0.037761 seconds .

========================================================================
Received Import Request.
  Time since last request: 0.000227 seconds.
  path: Assets/Assets/Living room_Gintare/rug.png
  artifactKey: Guid(cf78c2e45719d9048994ccee6757f94d) Importer(815301076,1909f56bfc062723c751e8b465ee728b)
Start importing Assets/Assets/Living room_Gintare/rug.png using Guid(cf78c2e45719d9048994ccee6757f94d) Importer(815301076,1909f56bfc062723c751e8b465ee728b)  -> (artifact id: 'fb564dc8582490c92b797933c97e7726') in 0.038633 seconds 
  Import took 0.043995 seconds .

========================================================================
Received Import Request.
  Time since last request: 0.000275 seconds.
  path: Assets/Assets/Kitchen_Yasemin/cabinet copy.png
  artifactKey: Guid(dc36c9f19404b0b48842ae104d8994c4) Importer(815301076,1909f56bfc062723c751e8b465ee728b)
Start importing Assets/Assets/Kitchen_Yasemin/cabinet copy.png using Guid(dc36c9f19404b0b48842ae104d8994c4) Importer(815301076,1909f56bfc062723c751e8b465ee728b)  -> (artifact id: 'a40c02e1bbb235d37a783037852ccbdf') in 0.029597 seconds 
  Import took 0.036915 seconds .

========================================================================
Received Import Request.
  Time since last request: 0.000215 seconds.
  path: Assets/Assets/Bathroom_Yasemin/bathroomBackground copy.png
  artifactKey: Guid(6b267124b50715d4ba63d6201c7c55c5) Importer(815301076,1909f56bfc062723c751e8b465ee728b)
Start importing Assets/Assets/Bathroom_Yasemin/bathroomBackground copy.png using Guid(6b267124b50715d4ba63d6201c7c55c5) Importer(815301076,1909f56bfc062723c751e8b465ee728b)  -> (artifact id: '523c7cdcba16a7c25dcfcf8cbe8a9152') in 0.031662 seconds 
  Import took 0.036210 seconds .

========================================================================
Received Import Request.
  Time since last request: 0.000218 seconds.
  path: Assets/Assets/Bathroom_Yasemin/tioletbrushholder.png
  artifactKey: Guid(7b39c1c9433df894aa9db64c0474db17) Importer(815301076,1909f56bfc062723c751e8b465ee728b)
Start importing Assets/Assets/Bathroom_Yasemin/tioletbrushholder.png using Guid(7b39c1c9433df894aa9db64c0474db17) Importer(815301076,1909f56bfc062723c751e8b465ee728b)  -> (artifact id: 'c9b9b6899179df696b0b07aea46a15d5') in 0.029973 seconds 
  Import took 0.033883 seconds .

========================================================================
Received Import Request.
  Time since last request: 0.000202 seconds.
  path: Assets/Assets/Living room_Gintare/Table.png
  artifactKey: Guid(ed2203f7688659c4ab9c1c2f60e6a17e) Importer(815301076,1909f56bfc062723c751e8b465ee728b)
Start importing Assets/Assets/Living room_Gintare/Table.png using Guid(ed2203f7688659c4ab9c1c2f60e6a17e) Importer(815301076,1909f56bfc062723c751e8b465ee728b)  -> (artifact id: '6f6ccf7fa1f0037e0b87f514e7d95fe4') in 0.031034 seconds 
  Import took 0.035563 seconds .

========================================================================
Received Import Request.
  Time since last request: 0.000262 seconds.
  path: Assets/Assets/Modular and other assets_Gintare/Other, chemicals 1.png
  artifactKey: Guid(3f634ac95f639b94d8029661b8ded624) Importer(815301076,1909f56bfc062723c751e8b465ee728b)
Start importing Assets/Assets/Modular and other assets_Gintare/Other, chemicals 1.png using Guid(3f634ac95f639b94d8029661b8ded624) Importer(815301076,1909f56bfc062723c751e8b465ee728b)  -> (artifact id: '0d6e18e59848d614340b9cb87a70e852') in 0.034479 seconds 
  Import took 0.038894 seconds .

========================================================================
Received Import Request.
  Time since last request: 0.000282 seconds.
  path: Assets/Assets/Modular and other assets_Gintare/Character.png
  artifactKey: Guid(09552b8f7c831354aaf09354e7b6ac97) Importer(815301076,1909f56bfc062723c751e8b465ee728b)
Start importing Assets/Assets/Modular and other assets_Gintare/Character.png using Guid(09552b8f7c831354aaf09354e7b6ac97) Importer(815301076,1909f56bfc062723c751e8b465ee728b)  -> (artifact id: 'f3d79450cae707f7d8d9c88230399386') in 0.022781 seconds 
  Import took 0.027923 seconds .

========================================================================
Received Import Request.
  Time since last request: 0.000205 seconds.
  path: Assets/Assets/Cleaning-Modular_Yasemin/Star.png
  artifactKey: Guid(0c4b44373a734d7418ebf090a9ce28d1) Importer(815301076,1909f56bfc062723c751e8b465ee728b)
Start importing Assets/Assets/Cleaning-Modular_Yasemin/Star.png using Guid(0c4b44373a734d7418ebf090a9ce28d1) Importer(815301076,1909f56bfc062723c751e8b465ee728b)  -> (artifact id: '4e08106c68a14b883a38f61c8578d52d') in 0.021503 seconds 
  Import took 0.026094 seconds .

========================================================================
Received Import Request.
  Time since last request: 0.000210 seconds.
  path: Assets/Assets/Modular and other assets_Gintare/Bin modular.png
  artifactKey: Guid(5873a57a6e9e83e419c75f3fda6c511f) Importer(815301076,1909f56bfc062723c751e8b465ee728b)
Start importing Assets/Assets/Modular and other assets_Gintare/Bin modular.png using Guid(5873a57a6e9e83e419c75f3fda6c511f) Importer(815301076,1909f56bfc062723c751e8b465ee728b)  -> (artifact id: '2e4ef3ea8ebbda007a0cc54b93e2ecc0') in 0.031159 seconds 
  Import took 0.035563 seconds .

========================================================================
Received Import Request.
  Time since last request: 0.000249 seconds.
  path: Assets/Assets/StudyRoom_Yasemin/officebookrgreen.png
  artifactKey: Guid(19c3d55b30806b64d8ac25c590047ea9) Importer(815301076,1909f56bfc062723c751e8b465ee728b)
Start importing Assets/Assets/StudyRoom_Yasemin/officebookrgreen.png using Guid(19c3d55b30806b64d8ac25c590047ea9) Importer(815301076,1909f56bfc062723c751e8b465ee728b)  -> (artifact id: '77aa1816898ff73e387a7a7e5266497c') in 0.037529 seconds 
  Import took 0.041762 seconds .

========================================================================
Received Import Request.
  Time since last request: 0.000202 seconds.
  path: Assets/Assets/Modular and other assets_Gintare/map.png
  artifactKey: Guid(c28a424da69b65443975b67f811701a9) Importer(815301076,1909f56bfc062723c751e8b465ee728b)
Start importing Assets/Assets/Modular and other assets_Gintare/map.png using Guid(c28a424da69b65443975b67f811701a9) Importer(815301076,1909f56bfc062723c751e8b465ee728b)  -> (artifact id: 'f7f57d6b84e867c9c5a87b9d889e3646') in 0.027249 seconds 
  Import took 0.031029 seconds .

========================================================================
Received Import Request.
  Time since last request: 0.000212 seconds.
  path: Assets/Assets/StudyRoom_Yasemin/officebookpink.png
  artifactKey: Guid(6f756e4f8ae59104d9ce0bd44a970a6f) Importer(815301076,1909f56bfc062723c751e8b465ee728b)
Start importing Assets/Assets/StudyRoom_Yasemin/officebookpink.png using Guid(6f756e4f8ae59104d9ce0bd44a970a6f) Importer(815301076,1909f56bfc062723c751e8b465ee728b)  -> (artifact id: 'f0cbd92ca9f42c54e0bc362b65356e4c') in 0.026212 seconds 
  Import took 0.030852 seconds .

========================================================================
Received Import Request.
  Time since last request: 0.000213 seconds.
  path: Assets/Assets/Kitchen_Yasemin/ovenclosed.png
  artifactKey: Guid(465df44e5961ed84991f632ec20ec6ac) Importer(815301076,1909f56bfc062723c751e8b465ee728b)
Start importing Assets/Assets/Kitchen_Yasemin/ovenclosed.png using Guid(465df44e5961ed84991f632ec20ec6ac) Importer(815301076,1909f56bfc062723c751e8b465ee728b)  -> (artifact id: '87c74a4778d52f41f5fa74745e134692') in 0.024045 seconds 
  Import took 0.027637 seconds .

========================================================================
Received Import Request.
  Time since last request: 0.000216 seconds.
  path: Assets/Assets/Modular and other assets_Gintare/Basket.png
  artifactKey: Guid(91faff69a650105439c6fd955e62809f) Importer(815301076,1909f56bfc062723c751e8b465ee728b)
Start importing Assets/Assets/Modular and other assets_Gintare/Basket.png using Guid(91faff69a650105439c6fd955e62809f) Importer(815301076,1909f56bfc062723c751e8b465ee728b)  -> (artifact id: '0b63383de788f8284840db814e64060a') in 0.026677 seconds 
  Import took 0.030929 seconds .

========================================================================
Received Import Request.
  Time since last request: 0.000198 seconds.
  path: Assets/Assets/Modular and other assets_Gintare/Mud modular.png
  artifactKey: Guid(52933abf15e2d6a469a53a6dcea9ea30) Importer(815301076,1909f56bfc062723c751e8b465ee728b)
Start importing Assets/Assets/Modular and other assets_Gintare/Mud modular.png using Guid(52933abf15e2d6a469a53a6dcea9ea30) Importer(815301076,1909f56bfc062723c751e8b465ee728b)  -> (artifact id: '65c91533c4d77bf5cb786d49bed1f529') in 0.034217 seconds 
  Import took 0.038666 seconds .

========================================================================
Received Import Request.
  Time since last request: 0.000201 seconds.
  path: Assets/Assets/Cleaning-Modular_Yasemin/Spongetastic_Mop.png
  artifactKey: Guid(92580e1390c3f36449642205e01e64f1) Importer(815301076,1909f56bfc062723c751e8b465ee728b)
Start importing Assets/Assets/Cleaning-Modular_Yasemin/Spongetastic_Mop.png using Guid(92580e1390c3f36449642205e01e64f1) Importer(815301076,1909f56bfc062723c751e8b465ee728b)  -> (artifact id: 'd5f096c3e2d564d99ade6e85ef2277ea') in 0.036162 seconds 
  Import took 0.040284 seconds .

========================================================================
Received Import Request.
  Time since last request: 0.000386 seconds.
  path: Assets/Assets/StudyRoom_Yasemin/StudyRoom.png
  artifactKey: Guid(496181f4934ea8740800af39411f8895) Importer(815301076,1909f56bfc062723c751e8b465ee728b)
Start importing Assets/Assets/StudyRoom_Yasemin/StudyRoom.png using Guid(496181f4934ea8740800af39411f8895) Importer(815301076,1909f56bfc062723c751e8b465ee728b)  -> (artifact id: 'bca77c83d6166ed95a3a508a46139aa7') in 0.026713 seconds 
  Import took 0.033037 seconds .

========================================================================
Received Import Request.
  Time since last request: 0.000341 seconds.
  path: Assets/Assets/Cleaning-Modular_Yasemin/Kitchen_Cleaner.png
  artifactKey: Guid(889105e92302336439c6adabfb8833c8) Importer(815301076,1909f56bfc062723c751e8b465ee728b)
Start importing Assets/Assets/Cleaning-Modular_Yasemin/Kitchen_Cleaner.png using Guid(889105e92302336439c6adabfb8833c8) Importer(815301076,1909f56bfc062723c751e8b465ee728b)  -> (artifact id: '05c919e52f90fb0bbf767b18fd953f3b') in 0.024338 seconds 
  Import took 0.028873 seconds .

========================================================================
Received Import Request.
  Time since last request: 0.000203 seconds.
  path: Assets/Assets/Bathroom_Yasemin/puddle copy.png
  artifactKey: Guid(a62b0db2b7b296644bec1331c74d233b) Importer(815301076,1909f56bfc062723c751e8b465ee728b)
Start importing Assets/Assets/Bathroom_Yasemin/puddle copy.png using Guid(a62b0db2b7b296644bec1331c74d233b) Importer(815301076,1909f56bfc062723c751e8b465ee728b)  -> (artifact id: '8df9fd35647a3bb447b560a5f895f7f2') in 0.027835 seconds 
  Import took 0.032484 seconds .

========================================================================
Received Import Request.
  Time since last request: 0.000206 seconds.
  path: Assets/UserInterface_Yasemin/Sprites/Audio/GUIbubbleSoundmusic copy.png
  artifactKey: Guid(3761bb944bc754e4c8c535dd7900ff43) Importer(815301076,1909f56bfc062723c751e8b465ee728b)
Start importing Assets/UserInterface_Yasemin/Sprites/Audio/GUIbubbleSoundmusic copy.png using Guid(3761bb944bc754e4c8c535dd7900ff43) Importer(815301076,1909f56bfc062723c751e8b465ee728b)  -> (artifact id: '59e0e59c9f54a79fca6999bea1a0463d') in 0.024495 seconds 
  Import took 0.029291 seconds .

========================================================================
Received Import Request.
  Time since last request: 0.000211 seconds.
  path: Assets/Assets/Cleaning-Modular_Yasemin/Bathroom_Cleaner.png
  artifactKey: Guid(0f1d531162fb36147bdb4767ffa18dca) Importer(815301076,1909f56bfc062723c751e8b465ee728b)
Start importing Assets/Assets/Cleaning-Modular_Yasemin/Bathroom_Cleaner.png using Guid(0f1d531162fb36147bdb4767ffa18dca) Importer(815301076,1909f56bfc062723c751e8b465ee728b)  -> (artifact id: '6919889c4708ce89357aed344afae202') in 0.028551 seconds 
  Import took 0.048887 seconds .

========================================================================
Received Import Request.
  Time since last request: 0.000198 seconds.
  path: Assets/Assets/Modular and other assets_Gintare/Lamp modular.png
  artifactKey: Guid(bbee0ec7fd2f47348ac36c8e8f0ce176) Importer(815301076,1909f56bfc062723c751e8b465ee728b)
Start importing Assets/Assets/Modular and other assets_Gintare/Lamp modular.png using Guid(bbee0ec7fd2f47348ac36c8e8f0ce176) Importer(815301076,1909f56bfc062723c751e8b465ee728b)  -> (artifact id: '78925255fe31447e00b528c09f73708c') in 0.036539 seconds 
  Import took 0.041681 seconds .

========================================================================
Received Import Request.
  Time since last request: 0.000208 seconds.
  path: Assets/Assets/Kitchen_Yasemin/kidneybeans.png
  artifactKey: Guid(2a19abc1cd55b92478bea79cad1b25db) Importer(815301076,1909f56bfc062723c751e8b465ee728b)
Start importing Assets/Assets/Kitchen_Yasemin/kidneybeans.png using Guid(2a19abc1cd55b92478bea79cad1b25db) Importer(815301076,1909f56bfc062723c751e8b465ee728b)  -> (artifact id: '507a1dfbeffa373f9640fe901ee34cda') in 0.030036 seconds 
  Import took 0.034877 seconds .

========================================================================
Received Import Request.
  Time since last request: 0.000201 seconds.
  path: Assets/Assets/Kitchen_Yasemin/cabinetclosed.png
  artifactKey: Guid(2f9f3967e186cfb49ab650835fb23586) Importer(815301076,1909f56bfc062723c751e8b465ee728b)
Start importing Assets/Assets/Kitchen_Yasemin/cabinetclosed.png using Guid(2f9f3967e186cfb49ab650835fb23586) Importer(815301076,1909f56bfc062723c751e8b465ee728b)  -> (artifact id: '8bb06ac0db2f9bcd4a0f70fbb91c6b7b') in 0.027395 seconds 
  Import took 0.033504 seconds .

========================================================================
Received Import Request.
  Time since last request: 0.000224 seconds.
  path: Assets/Assets/Cleaning-Modular_Yasemin/Hoover.png
  artifactKey: Guid(a10e19f8b1343f24e8bf9a194ed79262) Importer(815301076,1909f56bfc062723c751e8b465ee728b)
Start importing Assets/Assets/Cleaning-Modular_Yasemin/Hoover.png using Guid(a10e19f8b1343f24e8bf9a194ed79262) Importer(815301076,1909f56bfc062723c751e8b465ee728b)  -> (artifact id: '685dc2867898d1ae0122e05abc6cecb8') in 0.036098 seconds 
  Import took 0.042814 seconds .

========================================================================
Received Import Request.
  Time since last request: 0.000277 seconds.
  path: Assets/Assets/Character_Yasemin/HazmattSide.png
  artifactKey: Guid(5231cec1a7caf184ca6490cc46c4e9a2) Importer(815301076,1909f56bfc062723c751e8b465ee728b)
Start importing Assets/Assets/Character_Yasemin/HazmattSide.png using Guid(5231cec1a7caf184ca6490cc46c4e9a2) Importer(815301076,1909f56bfc062723c751e8b465ee728b)  -> (artifact id: 'e15663c6ae03c19360a5da0727c4527b') in 0.039010 seconds 
  Import took 0.048831 seconds .

========================================================================
Received Import Request.
  Time since last request: 210.931742 seconds.
  path: Assets/UserInterface_Yasemin/Sprites/Pause copy.png
  artifactKey: Guid(0fc2cc869442db94a954fc76dc158038) Importer(815301076,1909f56bfc062723c751e8b465ee728b)
Start importing Assets/UserInterface_Yasemin/Sprites/Pause copy.png using Guid(0fc2cc869442db94a954fc76dc158038) Importer(815301076,1909f56bfc062723c751e8b465ee728b)  -> (artifact id: 'fa4b664d0b501b871133ed7ffed12ada') in 0.022419 seconds 
  Import took 0.029347 seconds .

========================================================================
Received Import Request.
  Time since last request: 1266.755601 seconds.
  path: Assets/UserInterface_Yasemin/Sprites/Stop copy.png
  artifactKey: Guid(360032d249d349b438bbcc5a47493fdd) Importer(815301076,1909f56bfc062723c751e8b465ee728b)
Start importing Assets/UserInterface_Yasemin/Sprites/Stop copy.png using Guid(360032d249d349b438bbcc5a47493fdd) Importer(815301076,1909f56bfc062723c751e8b465ee728b)  -> (artifact id: '9756dba84940941d138e5cd0b42bf3b9') in 0.062193 seconds 
  Import took 0.114279 seconds .

========================================================================
Received Import Request.
  Time since last request: 23.244810 seconds.
  path: Assets/UserInterface_Yasemin/Sprites/home 1.png
  artifactKey: Guid(18d5e20c75b628f4faa7882bc159459b) Importer(815301076,1909f56bfc062723c751e8b465ee728b)
Start importing Assets/UserInterface_Yasemin/Sprites/home 1.png using Guid(18d5e20c75b628f4faa7882bc159459b) Importer(815301076,1909f56bfc062723c751e8b465ee728b)  -> (artifact id: '356b65e8d46a33a7e10b303e0827e9da') in 0.021540 seconds 
  Import took 0.027328 seconds .

========================================================================
Received Import Request.
  Time since last request: 0.000342 seconds.
  path: Assets/UserInterface_Yasemin/Sprites/home.png
  artifactKey: Guid(c8c386853324de940b20e09d5b1711cb) Importer(815301076,1909f56bfc062723c751e8b465ee728b)
Start importing Assets/UserInterface_Yasemin/Sprites/home.png using Guid(c8c386853324de940b20e09d5b1711cb) Importer(815301076,1909f56bfc062723c751e8b465ee728b)  -> (artifact id: 'b9c9ba0511e2b9468c4005f55a2ed159') in 0.024359 seconds 
  Import took 0.030646 seconds .

========================================================================
Received Import Request.
  Time since last request: 24.308905 seconds.
  path: Assets/UserInterface_Yasemin/Sprites/Play copy.png
  artifactKey: Guid(350f796563d9f694d9437ba866f51bc7) Importer(815301076,1909f56bfc062723c751e8b465ee728b)
Start importing Assets/UserInterface_Yasemin/Sprites/Play copy.png using Guid(350f796563d9f694d9437ba866f51bc7) Importer(815301076,1909f56bfc062723c751e8b465ee728b)  -> (artifact id: '88e59743d374d31e59a326235a81a9a4') in 0.037340 seconds 
  Import took 0.046469 seconds .

========================================================================
Received Import Request.
  Time since last request: 275.021172 seconds.
  path: Assets/Prefabs/AudioManager.prefab
  artifactKey: Guid(32e0048dcbfde8941a4d69586edac4bb) Importer(815301076,1909f56bfc062723c751e8b465ee728b)
Start importing Assets/Prefabs/AudioManager.prefab using Guid(32e0048dcbfde8941a4d69586edac4bb) Importer(815301076,1909f56bfc062723c751e8b465ee728b)  -> (artifact id: '31043b302a2f726c21bd39125392e2a0') in 0.277440 seconds 
  Import took 0.284264 seconds .

========================================================================
Received Import Request.
  Time since last request: 0.000284 seconds.
  path: Assets/Prefabs/GUISFX.prefab
  artifactKey: Guid(ac0f853527bd51145b5f2f53fa9d1d14) Importer(815301076,1909f56bfc062723c751e8b465ee728b)
Start importing Assets/Prefabs/GUISFX.prefab using Guid(ac0f853527bd51145b5f2f53fa9d1d14) Importer(815301076,1909f56bfc062723c751e8b465ee728b)  -> (artifact id: '7a37e6001a95b54c37a724e10280e2c2') in 0.079369 seconds 
  Import took 0.085343 seconds .

========================================================================
Received Import Request.
  Time since last request: 0.000329 seconds.
  path: Assets/Prefabs/StartButton.prefab
  artifactKey: Guid(a3ac7bdcd9b9fc847b691377ea337845) Importer(815301076,1909f56bfc062723c751e8b465ee728b)
Start importing Assets/Prefabs/StartButton.prefab using Guid(a3ac7bdcd9b9fc847b691377ea337845) Importer(815301076,1909f56bfc062723c751e8b465ee728b)  -> (artifact id: '81b1ac4155ced8d93700f32a69cb77b9') in 0.017822 seconds 
  Import took 0.025112 seconds .

========================================================================
Received Import Request.
  Time since last request: 0.000356 seconds.
  path: Assets/Prefabs/MainMenuButton.prefab
  artifactKey: Guid(b0fd527f46b387347a64bc6d6a4579f2) Importer(815301076,1909f56bfc062723c751e8b465ee728b)
Start importing Assets/Prefabs/MainMenuButton.prefab using Guid(b0fd527f46b387347a64bc6d6a4579f2) Importer(815301076,1909f56bfc062723c751e8b465ee728b)  -> (artifact id: '0985a882ad8177a8b12f5ded18011b3a') in 0.017244 seconds 
  Import took 0.022379 seconds .

========================================================================
Received Import Request.
  Time since last request: 0.000285 seconds.
  path: Assets/Prefabs/Options Screen.prefab
  artifactKey: Guid(46e9b84b8c411304d8dbe9aaee4c2436) Importer(815301076,1909f56bfc062723c751e8b465ee728b)
Start importing Assets/Prefabs/Options Screen.prefab using Guid(46e9b84b8c411304d8dbe9aaee4c2436) Importer(815301076,1909f56bfc062723c751e8b465ee728b)  -> (artifact id: '439d5472029dcabe0c30325995ae96db') in 0.082535 seconds 
  Import took 0.088820 seconds .

========================================================================
Received Import Request.
  Time since last request: 0.000322 seconds.
  path: Assets/Prefabs/GUIMusic.prefab
  artifactKey: Guid(9e3411b3506a57b4d9a3f829bf8e04b9) Importer(815301076,1909f56bfc062723c751e8b465ee728b)
Start importing Assets/Prefabs/GUIMusic.prefab using Guid(9e3411b3506a57b4d9a3f829bf8e04b9) Importer(815301076,1909f56bfc062723c751e8b465ee728b)  -> (artifact id: '9b8125ab50bfe48a26585ac991c68452') in 0.020778 seconds 
  Import took 0.025859 seconds .

========================================================================
Received Import Request.
  Time since last request: 3.664750 seconds.
  path: Assets/Scripts/Yasemin
  artifactKey: Guid(bf81eb761e8f5114d85fce8273392f84) Importer(815301076,1909f56bfc062723c751e8b465ee728b)
Start importing Assets/Scripts/Yasemin using Guid(bf81eb761e8f5114d85fce8273392f84) Importer(815301076,1909f56bfc062723c751e8b465ee728b)  -> (artifact id: '9e6ee52cac3e38f087c05e4fe8eab38f') in 0.009447 seconds 
  Import took 0.015107 seconds .

========================================================================
Received Import Request.
  Time since last request: 0.050096 seconds.
  path: Assets/Scripts/Yasemin/FlashMaterial.mat
  artifactKey: Guid(e1d96a3cfd2938e4f907b88c546806b9) Importer(815301076,1909f56bfc062723c751e8b465ee728b)
Start importing Assets/Scripts/Yasemin/FlashMaterial.mat using Guid(e1d96a3cfd2938e4f907b88c546806b9) Importer(815301076,1909f56bfc062723c751e8b465ee728b)  -> (artifact id: '4381eda3a191bc24f5facff3567920d2') in 0.226992 seconds 
  Import took 0.231664 seconds .

========================================================================
Received Import Request.
  Time since last request: 19.914284 seconds.
  path: Assets/Scripts/Yasemin/PauseMenu.cs
  artifactKey: Guid(c12923a5fb21aa147ad39444553cc07f) Importer(815301076,1909f56bfc062723c751e8b465ee728b)
Start importing Assets/Scripts/Yasemin/PauseMenu.cs using Guid(c12923a5fb21aa147ad39444553cc07f) Importer(815301076,1909f56bfc062723c751e8b465ee728b)  -> (artifact id: '89daafd860e4138e73c171c5e62c0fe7') in 0.036701 seconds 
  Import took 0.042683 seconds .

========================================================================
Received Prepare
Registering precompiled user dll's ...
Registered in 0.008790 seconds.
Begin MonoManager ReloadAssembly
Native extension for WindowsStandalone target not found
Refreshing native plugins compatible for Editor in 0.51 ms, found 3 plugins.
Preloading 0 native plugins for Editor in 0.00 ms.
Mono: successfully reloaded assembly
- Completed reload, in  1.864 seconds
Domain Reload Profiling:
	ReloadAssembly (1867ms)
		BeginReloadAssembly (536ms)
			ExecutionOrderSort (0ms)
			DisableScriptedObjects (34ms)
			BackupInstance (0ms)
			ReleaseScriptingObjects (0ms)
			CreateAndSetChildDomain (310ms)
		EndReloadAssembly (1242ms)
			LoadAssemblies (198ms)
			RebuildTransferFunctionScriptingTraits (0ms)
			SetupTypeCache (414ms)
			ReleaseScriptCaches (1ms)
			RebuildScriptCaches (64ms)
			SetupLoadedEditorAssemblies (451ms)
				LogAssemblyErrors (0ms)
				InitializePlatformSupportModulesInManaged (7ms)
				SetLoadedEditorAssemblies (1ms)
				RefreshPlugins (1ms)
				BeforeProcessingInitializeOnLoad (132ms)
				ProcessInitializeOnLoadAttributes (291ms)
				ProcessInitializeOnLoadMethodAttributes (9ms)
				AfterProcessingInitializeOnLoad (9ms)
				EditorAssembliesLoaded (0ms)
			ExecutionOrderSort2 (0ms)
			AwakeInstancesAfterBackupRestoration (16ms)
Platform modules already initialized, skipping
Refreshing native plugins compatible for Editor in 0.49 ms, found 3 plugins.
Preloading 0 native plugins for Editor in 0.00 ms.
Unloading 2115 Unused Serialized files (Serialized files now loaded: 0)
System memory in use before: 97.7 MB.
System memory in use after: 97.8 MB.

Unloading 17 unused Assets to reduce memory usage. Loaded Objects now: 2637.
Total: 9.871800 ms (FindLiveObjects: 0.730800 ms CreateObjectMapping: 0.111600 ms MarkObjects: 8.979300 ms  DeleteObjects: 0.048600 ms)

AssetImportParameters requested are different than current active one (requested -> active):
  custom:framework-win-MediaFoundation: 216162199b28c13a410421893ffa2e32 -> 
  custom:video-decoder-ogg-theora: a1e56fd34408186e4bbccfd4996cb3dc -> 
  custom:container-muxer-webm: aa71ff27fc2769a1b78a27578f13a17b -> 
  custom:container-demuxer-webm: 4f35f7cbe854078d1ac9338744f61a02 -> 
  custom:container-demuxer-ogg: 62fdf1f143b41e24485cea50d1cbac27 -> 
  custom:video-encoder-webm-vp8: eb34c28f22e8b96e1ab97ce403110664 -> 
  custom:video-decoder-webm-vp8: 9c59270c3fd7afecdb556c50c9e8de78 -> 
  custom:audio-decoder-ogg-vorbis: bf7c407c2cedff20999df2af8eb42d56 -> 
  custom:audio-encoder-webm-vorbis: bf7c407c2cedff20999df2af8eb42d56 -> 
========================================================================
Received Import Request.
  Time since last request: 17.911761 seconds.
  path: Assets/Scripts/Yasemin/SoundManager.cs
  artifactKey: Guid(9841883d05319954cbef874b78fe37a0) Importer(815301076,1909f56bfc062723c751e8b465ee728b)
Start importing Assets/Scripts/Yasemin/SoundManager.cs using Guid(9841883d05319954cbef874b78fe37a0) Importer(815301076,1909f56bfc062723c751e8b465ee728b)  -> (artifact id: '4fb64e36e2c6871c43eeea45e1f55551') in 0.012425 seconds 
  Import took 0.017275 seconds .

========================================================================
Received Prepare
Registering precompiled user dll's ...
Registered in 0.004082 seconds.
Begin MonoManager ReloadAssembly
Native extension for WindowsStandalone target not found
Refreshing native plugins compatible for Editor in 0.48 ms, found 3 plugins.
Preloading 0 native plugins for Editor in 0.00 ms.
Mono: successfully reloaded assembly
- Completed reload, in  1.465 seconds
Domain Reload Profiling:
	ReloadAssembly (1465ms)
		BeginReloadAssembly (184ms)
			ExecutionOrderSort (0ms)
			DisableScriptedObjects (9ms)
			BackupInstance (0ms)
			ReleaseScriptingObjects (0ms)
			CreateAndSetChildDomain (48ms)
		EndReloadAssembly (1175ms)
			LoadAssemblies (141ms)
			RebuildTransferFunctionScriptingTraits (0ms)
			SetupTypeCache (378ms)
			ReleaseScriptCaches (1ms)
			RebuildScriptCaches (63ms)
			SetupLoadedEditorAssemblies (457ms)
				LogAssemblyErrors (0ms)
				InitializePlatformSupportModulesInManaged (8ms)
				SetLoadedEditorAssemblies (1ms)
				RefreshPlugins (1ms)
				BeforeProcessingInitializeOnLoad (138ms)
				ProcessInitializeOnLoadAttributes (294ms)
				ProcessInitializeOnLoadMethodAttributes (8ms)
				AfterProcessingInitializeOnLoad (8ms)
				EditorAssembliesLoaded (0ms)
			ExecutionOrderSort2 (0ms)
			AwakeInstancesAfterBackupRestoration (14ms)
Platform modules already initialized, skipping
Refreshing native plugins compatible for Editor in 0.51 ms, found 3 plugins.
Preloading 0 native plugins for Editor in 0.00 ms.
Unloading 2113 Unused Serialized files (Serialized files now loaded: 0)
System memory in use before: 97.7 MB.
System memory in use after: 97.8 MB.

Unloading 16 unused Assets to reduce memory usage. Loaded Objects now: 2638.
Total: 3.229900 ms (FindLiveObjects: 0.197000 ms CreateObjectMapping: 0.084900 ms MarkObjects: 2.900200 ms  DeleteObjects: 0.046600 ms)

AssetImportParameters requested are different than current active one (requested -> active):
  custom:framework-win-MediaFoundation: 216162199b28c13a410421893ffa2e32 -> 
  custom:video-decoder-ogg-theora: a1e56fd34408186e4bbccfd4996cb3dc -> 
  custom:container-muxer-webm: aa71ff27fc2769a1b78a27578f13a17b -> 
  custom:container-demuxer-webm: 4f35f7cbe854078d1ac9338744f61a02 -> 
  custom:container-demuxer-ogg: 62fdf1f143b41e24485cea50d1cbac27 -> 
  custom:video-encoder-webm-vp8: eb34c28f22e8b96e1ab97ce403110664 -> 
  custom:video-decoder-webm-vp8: 9c59270c3fd7afecdb556c50c9e8de78 -> 
  custom:audio-decoder-ogg-vorbis: bf7c407c2cedff20999df2af8eb42d56 -> 
  custom:audio-encoder-webm-vorbis: bf7c407c2cedff20999df2af8eb42d56 -> 
========================================================================
Received Import Request.
  Time since last request: 32.811784 seconds.
  path: Assets/Scripts/Yasemin/PauseMenu.cs
  artifactKey: Guid(c12923a5fb21aa147ad39444553cc07f) Importer(815301076,1909f56bfc062723c751e8b465ee728b)
Start importing Assets/Scripts/Yasemin/PauseMenu.cs using Guid(c12923a5fb21aa147ad39444553cc07f) Importer(815301076,1909f56bfc062723c751e8b465ee728b)  -> (artifact id: 'f74acdf91ab123bf54e5dc5e32cff001') in 0.007758 seconds 
  Import took 0.012376 seconds .

========================================================================
Received Prepare
Registering precompiled user dll's ...
Registered in 0.007377 seconds.
Begin MonoManager ReloadAssembly
Native extension for WindowsStandalone target not found
Refreshing native plugins compatible for Editor in 0.60 ms, found 3 plugins.
Preloading 0 native plugins for Editor in 0.00 ms.
Mono: successfully reloaded assembly
- Completed reload, in  1.825 seconds
Domain Reload Profiling:
	ReloadAssembly (1826ms)
		BeginReloadAssembly (180ms)
			ExecutionOrderSort (0ms)
			DisableScriptedObjects (11ms)
			BackupInstance (0ms)
			ReleaseScriptingObjects (0ms)
			CreateAndSetChildDomain (57ms)
		EndReloadAssembly (1544ms)
			LoadAssemblies (139ms)
			RebuildTransferFunctionScriptingTraits (0ms)
			SetupTypeCache (484ms)
			ReleaseScriptCaches (1ms)
			RebuildScriptCaches (162ms)
			SetupLoadedEditorAssemblies (589ms)
				LogAssemblyErrors (0ms)
				InitializePlatformSupportModulesInManaged (7ms)
				SetLoadedEditorAssemblies (1ms)
				RefreshPlugins (1ms)
				BeforeProcessingInitializeOnLoad (140ms)
				ProcessInitializeOnLoadAttributes (406ms)
				ProcessInitializeOnLoadMethodAttributes (21ms)
				AfterProcessingInitializeOnLoad (13ms)
				EditorAssembliesLoaded (0ms)
			ExecutionOrderSort2 (0ms)
			AwakeInstancesAfterBackupRestoration (17ms)
Platform modules already initialized, skipping
Refreshing native plugins compatible for Editor in 0.52 ms, found 3 plugins.
Preloading 0 native plugins for Editor in 0.00 ms.
Unloading 2114 Unused Serialized files (Serialized files now loaded: 0)
System memory in use before: 97.7 MB.
System memory in use after: 97.9 MB.

Unloading 14 unused Assets to reduce memory usage. Loaded Objects now: 2642.
Total: 3.500200 ms (FindLiveObjects: 0.210600 ms CreateObjectMapping: 0.115800 ms MarkObjects: 3.119300 ms  DeleteObjects: 0.052600 ms)

AssetImportParameters requested are different than current active one (requested -> active):
  custom:framework-win-MediaFoundation: 216162199b28c13a410421893ffa2e32 -> 
  custom:video-decoder-ogg-theora: a1e56fd34408186e4bbccfd4996cb3dc -> 
  custom:container-muxer-webm: aa71ff27fc2769a1b78a27578f13a17b -> 
  custom:container-demuxer-webm: 4f35f7cbe854078d1ac9338744f61a02 -> 
  custom:container-demuxer-ogg: 62fdf1f143b41e24485cea50d1cbac27 -> 
  custom:video-encoder-webm-vp8: eb34c28f22e8b96e1ab97ce403110664 -> 
  custom:video-decoder-webm-vp8: 9c59270c3fd7afecdb556c50c9e8de78 -> 
  custom:audio-decoder-ogg-vorbis: bf7c407c2cedff20999df2af8eb42d56 -> 
  custom:audio-encoder-webm-vorbis: bf7c407c2cedff20999df2af8eb42d56 -> 
========================================================================
Received Import Request.
  Time since last request: 85.027077 seconds.
  path: Assets/Scripts/Yasemin/PauseMenu.cs
  artifactKey: Guid(c12923a5fb21aa147ad39444553cc07f) Importer(815301076,1909f56bfc062723c751e8b465ee728b)
Start importing Assets/Scripts/Yasemin/PauseMenu.cs using Guid(c12923a5fb21aa147ad39444553cc07f) Importer(815301076,1909f56bfc062723c751e8b465ee728b)  -> (artifact id: 'd1119d3824c395c216cc8d1c86dc6d19') in 0.011952 seconds 
  Import took 0.018253 seconds .

========================================================================
Received Prepare
Registering precompiled user dll's ...
Registered in 0.009818 seconds.
Begin MonoManager ReloadAssembly
Native extension for WindowsStandalone target not found
Refreshing native plugins compatible for Editor in 0.68 ms, found 3 plugins.
Preloading 0 native plugins for Editor in 0.00 ms.
Mono: successfully reloaded assembly
- Completed reload, in  2.047 seconds
Domain Reload Profiling:
	ReloadAssembly (2062ms)
		BeginReloadAssembly (635ms)
			ExecutionOrderSort (0ms)
			DisableScriptedObjects (78ms)
			BackupInstance (0ms)
			ReleaseScriptingObjects (0ms)
			CreateAndSetChildDomain (384ms)
		EndReloadAssembly (1321ms)
			LoadAssemblies (172ms)
			RebuildTransferFunctionScriptingTraits (0ms)
			SetupTypeCache (424ms)
			ReleaseScriptCaches (1ms)
			RebuildScriptCaches (66ms)
			SetupLoadedEditorAssemblies (497ms)
				LogAssemblyErrors (0ms)
				InitializePlatformSupportModulesInManaged (12ms)
				SetLoadedEditorAssemblies (3ms)
				RefreshPlugins (1ms)
				BeforeProcessingInitializeOnLoad (135ms)
				ProcessInitializeOnLoadAttributes (328ms)
				ProcessInitializeOnLoadMethodAttributes (9ms)
				AfterProcessingInitializeOnLoad (8ms)
				EditorAssembliesLoaded (1ms)
			ExecutionOrderSort2 (0ms)
			AwakeInstancesAfterBackupRestoration (21ms)
Platform modules already initialized, skipping
Refreshing native plugins compatible for Editor in 0.49 ms, found 3 plugins.
Preloading 0 native plugins for Editor in 0.00 ms.
Unloading 2114 Unused Serialized files (Serialized files now loaded: 0)
System memory in use before: 97.8 MB.
System memory in use after: 97.9 MB.

Unloading 14 unused Assets to reduce memory usage. Loaded Objects now: 2645.
Total: 10.257100 ms (FindLiveObjects: 1.079800 ms CreateObjectMapping: 0.128800 ms MarkObjects: 9.010300 ms  DeleteObjects: 0.023500 ms)

AssetImportParameters requested are different than current active one (requested -> active):
  custom:framework-win-MediaFoundation: 216162199b28c13a410421893ffa2e32 -> 
  custom:video-decoder-ogg-theora: a1e56fd34408186e4bbccfd4996cb3dc -> 
  custom:container-muxer-webm: aa71ff27fc2769a1b78a27578f13a17b -> 
  custom:container-demuxer-webm: 4f35f7cbe854078d1ac9338744f61a02 -> 
  custom:container-demuxer-ogg: 62fdf1f143b41e24485cea50d1cbac27 -> 
  custom:video-encoder-webm-vp8: eb34c28f22e8b96e1ab97ce403110664 -> 
  custom:video-decoder-webm-vp8: 9c59270c3fd7afecdb556c50c9e8de78 -> 
  custom:audio-decoder-ogg-vorbis: bf7c407c2cedff20999df2af8eb42d56 -> 
  custom:audio-encoder-webm-vorbis: bf7c407c2cedff20999df2af8eb42d56 -> 
========================================================================
Received Import Request.
  Time since last request: 335.373379 seconds.
  path: Assets/Scripts/Yasemin/PauseMenu.cs
  artifactKey: Guid(c12923a5fb21aa147ad39444553cc07f) Importer(815301076,1909f56bfc062723c751e8b465ee728b)
Start importing Assets/Scripts/Yasemin/PauseMenu.cs using Guid(c12923a5fb21aa147ad39444553cc07f) Importer(815301076,1909f56bfc062723c751e8b465ee728b)  -> (artifact id: '5cee5e004a0b963d108c01b7e19f628d') in 0.017287 seconds 
  Import took 0.025360 seconds .

========================================================================
Received Import Request.
  Time since last request: 40.498045 seconds.
  path: Assets/Scripts/Yasemin/PauseMenu.cs
  artifactKey: Guid(c12923a5fb21aa147ad39444553cc07f) Importer(815301076,1909f56bfc062723c751e8b465ee728b)
Start importing Assets/Scripts/Yasemin/PauseMenu.cs using Guid(c12923a5fb21aa147ad39444553cc07f) Importer(815301076,1909f56bfc062723c751e8b465ee728b)  -> (artifact id: 'ddb4f954cfa4a33dd23bc17db37f6838') in 0.004930 seconds 
  Import took 0.009777 seconds .

========================================================================
Received Prepare
Registering precompiled user dll's ...
Registered in 0.008709 seconds.
Begin MonoManager ReloadAssembly
Native extension for WindowsStandalone target not found
Refreshing native plugins compatible for Editor in 0.50 ms, found 3 plugins.
Preloading 0 native plugins for Editor in 0.00 ms.
Mono: successfully reloaded assembly
- Completed reload, in  1.443 seconds
Domain Reload Profiling:
	ReloadAssembly (1444ms)
		BeginReloadAssembly (163ms)
			ExecutionOrderSort (0ms)
			DisableScriptedObjects (11ms)
			BackupInstance (0ms)
			ReleaseScriptingObjects (0ms)
			CreateAndSetChildDomain (49ms)
		EndReloadAssembly (1201ms)
			LoadAssemblies (119ms)
			RebuildTransferFunctionScriptingTraits (0ms)
			SetupTypeCache (362ms)
			ReleaseScriptCaches (1ms)
			RebuildScriptCaches (60ms)
			SetupLoadedEditorAssemblies (508ms)
				LogAssemblyErrors (0ms)
				InitializePlatformSupportModulesInManaged (8ms)
				SetLoadedEditorAssemblies (1ms)
				RefreshPlugins (1ms)
				BeforeProcessingInitializeOnLoad (128ms)
				ProcessInitializeOnLoadAttributes (348ms)
				ProcessInitializeOnLoadMethodAttributes (10ms)
				AfterProcessingInitializeOnLoad (12ms)
				EditorAssembliesLoaded (0ms)
			ExecutionOrderSort2 (0ms)
			AwakeInstancesAfterBackupRestoration (20ms)
Platform modules already initialized, skipping
Refreshing native plugins compatible for Editor in 0.49 ms, found 3 plugins.
Preloading 0 native plugins for Editor in 0.00 ms.
Unloading 2114 Unused Serialized files (Serialized files now loaded: 0)
System memory in use before: 97.8 MB.
System memory in use after: 97.9 MB.

Unloading 14 unused Assets to reduce memory usage. Loaded Objects now: 2648.
Total: 3.845800 ms (FindLiveObjects: 0.251500 ms CreateObjectMapping: 0.104300 ms MarkObjects: 3.465600 ms  DeleteObjects: 0.023000 ms)

AssetImportParameters requested are different than current active one (requested -> active):
  custom:framework-win-MediaFoundation: 216162199b28c13a410421893ffa2e32 -> 
  custom:video-decoder-ogg-theora: a1e56fd34408186e4bbccfd4996cb3dc -> 
  custom:container-muxer-webm: aa71ff27fc2769a1b78a27578f13a17b -> 
  custom:container-demuxer-webm: 4f35f7cbe854078d1ac9338744f61a02 -> 
  custom:container-demuxer-ogg: 62fdf1f143b41e24485cea50d1cbac27 -> 
  custom:video-encoder-webm-vp8: eb34c28f22e8b96e1ab97ce403110664 -> 
  custom:video-decoder-webm-vp8: 9c59270c3fd7afecdb556c50c9e8de78 -> 
  custom:audio-decoder-ogg-vorbis: bf7c407c2cedff20999df2af8eb42d56 -> 
  custom:audio-encoder-webm-vorbis: bf7c407c2cedff20999df2af8eb42d56 -> 
========================================================================
Received Prepare
Registering precompiled user dll's ...
Registered in 0.009044 seconds.
Begin MonoManager ReloadAssembly
Native extension for WindowsStandalone target not found
Refreshing native plugins compatible for Editor in 0.65 ms, found 3 plugins.
Preloading 0 native plugins for Editor in 0.00 ms.
Mono: successfully reloaded assembly
- Completed reload, in  2.208 seconds
Domain Reload Profiling:
	ReloadAssembly (2210ms)
		BeginReloadAssembly (429ms)
			ExecutionOrderSort (0ms)
			DisableScriptedObjects (29ms)
			BackupInstance (0ms)
			ReleaseScriptingObjects (1ms)
			CreateAndSetChildDomain (238ms)
		EndReloadAssembly (1669ms)
			LoadAssemblies (196ms)
			RebuildTransferFunctionScriptingTraits (0ms)
			SetupTypeCache (429ms)
			ReleaseScriptCaches (1ms)
			RebuildScriptCaches (72ms)
			SetupLoadedEditorAssemblies (658ms)
				LogAssemblyErrors (0ms)
				InitializePlatformSupportModulesInManaged (8ms)
				SetLoadedEditorAssemblies (1ms)
				RefreshPlugins (1ms)
				BeforeProcessingInitializeOnLoad (154ms)
				ProcessInitializeOnLoadAttributes (470ms)
				ProcessInitializeOnLoadMethodAttributes (11ms)
				AfterProcessingInitializeOnLoad (13ms)
				EditorAssembliesLoaded (0ms)
			ExecutionOrderSort2 (0ms)
			AwakeInstancesAfterBackupRestoration (20ms)
Platform modules already initialized, skipping
Refreshing native plugins compatible for Editor in 0.59 ms, found 3 plugins.
Preloading 0 native plugins for Editor in 0.00 ms.
Unloading 2114 Unused Serialized files (Serialized files now loaded: 0)
System memory in use before: 97.8 MB.
System memory in use after: 97.9 MB.

Unloading 14 unused Assets to reduce memory usage. Loaded Objects now: 2651.
Total: 4.633100 ms (FindLiveObjects: 0.271900 ms CreateObjectMapping: 0.112400 ms MarkObjects: 4.217000 ms  DeleteObjects: 0.029900 ms)

AssetImportParameters requested are different than current active one (requested -> active):
  custom:framework-win-MediaFoundation: 216162199b28c13a410421893ffa2e32 -> 
  custom:video-decoder-ogg-theora: a1e56fd34408186e4bbccfd4996cb3dc -> 
  custom:container-muxer-webm: aa71ff27fc2769a1b78a27578f13a17b -> 
  custom:container-demuxer-webm: 4f35f7cbe854078d1ac9338744f61a02 -> 
  custom:container-demuxer-ogg: 62fdf1f143b41e24485cea50d1cbac27 -> 
  custom:video-encoder-webm-vp8: eb34c28f22e8b96e1ab97ce403110664 -> 
  custom:video-decoder-webm-vp8: 9c59270c3fd7afecdb556c50c9e8de78 -> 
  custom:audio-decoder-ogg-vorbis: bf7c407c2cedff20999df2af8eb42d56 -> 
  custom:audio-encoder-webm-vorbis: bf7c407c2cedff20999df2af8eb42d56 -> 
========================================================================
Received Prepare
Registering precompiled user dll's ...
Registered in 0.004535 seconds.
Begin MonoManager ReloadAssembly
Native extension for WindowsStandalone target not found
Refreshing native plugins compatible for Editor in 0.52 ms, found 3 plugins.
Preloading 0 native plugins for Editor in 0.00 ms.
Mono: successfully reloaded assembly
- Completed reload, in  1.548 seconds
Domain Reload Profiling:
	ReloadAssembly (1549ms)
		BeginReloadAssembly (260ms)
			ExecutionOrderSort (0ms)
			DisableScriptedObjects (10ms)
			BackupInstance (0ms)
			ReleaseScriptingObjects (0ms)
			CreateAndSetChildDomain (136ms)
		EndReloadAssembly (1203ms)
			LoadAssemblies (139ms)
			RebuildTransferFunctionScriptingTraits (0ms)
			SetupTypeCache (360ms)
			ReleaseScriptCaches (1ms)
			RebuildScriptCaches (65ms)
			SetupLoadedEditorAssemblies (480ms)
				LogAssemblyErrors (0ms)
				InitializePlatformSupportModulesInManaged (7ms)
				SetLoadedEditorAssemblies (1ms)
				RefreshPlugins (1ms)
				BeforeProcessingInitializeOnLoad (147ms)
				ProcessInitializeOnLoadAttributes (309ms)
				ProcessInitializeOnLoadMethodAttributes (7ms)
				AfterProcessingInitializeOnLoad (9ms)
				EditorAssembliesLoaded (0ms)
			ExecutionOrderSort2 (0ms)
			AwakeInstancesAfterBackupRestoration (16ms)
Platform modules already initialized, skipping
Refreshing native plugins compatible for Editor in 0.55 ms, found 3 plugins.
Preloading 0 native plugins for Editor in 0.00 ms.
Unloading 2114 Unused Serialized files (Serialized files now loaded: 0)
System memory in use before: 97.8 MB.
System memory in use after: 97.9 MB.

Unloading 14 unused Assets to reduce memory usage. Loaded Objects now: 2654.
Total: 3.591300 ms (FindLiveObjects: 0.271200 ms CreateObjectMapping: 0.097700 ms MarkObjects: 3.177500 ms  DeleteObjects: 0.043300 ms)

AssetImportParameters requested are different than current active one (requested -> active):
  custom:framework-win-MediaFoundation: 216162199b28c13a410421893ffa2e32 -> 
  custom:video-decoder-ogg-theora: a1e56fd34408186e4bbccfd4996cb3dc -> 
  custom:container-muxer-webm: aa71ff27fc2769a1b78a27578f13a17b -> 
  custom:container-demuxer-webm: 4f35f7cbe854078d1ac9338744f61a02 -> 
  custom:container-demuxer-ogg: 62fdf1f143b41e24485cea50d1cbac27 -> 
  custom:video-encoder-webm-vp8: eb34c28f22e8b96e1ab97ce403110664 -> 
  custom:video-decoder-webm-vp8: 9c59270c3fd7afecdb556c50c9e8de78 -> 
  custom:audio-decoder-ogg-vorbis: bf7c407c2cedff20999df2af8eb42d56 -> 
  custom:audio-encoder-webm-vorbis: bf7c407c2cedff20999df2af8eb42d56 -> 
========================================================================
Received Prepare
Registering precompiled user dll's ...
Registered in 0.004240 seconds.
Begin MonoManager ReloadAssembly
Native extension for WindowsStandalone target not found
Refreshing native plugins compatible for Editor in 0.47 ms, found 3 plugins.
Preloading 0 native plugins for Editor in 0.00 ms.
Mono: successfully reloaded assembly
- Completed reload, in  1.443 seconds
Domain Reload Profiling:
	ReloadAssembly (1444ms)
		BeginReloadAssembly (211ms)
			ExecutionOrderSort (0ms)
			DisableScriptedObjects (10ms)
			BackupInstance (0ms)
			ReleaseScriptingObjects (0ms)
			CreateAndSetChildDomain (48ms)
		EndReloadAssembly (1137ms)
			LoadAssemblies (168ms)
			RebuildTransferFunctionScriptingTraits (0ms)
			SetupTypeCache (378ms)
			ReleaseScriptCaches (1ms)
			RebuildScriptCaches (67ms)
			SetupLoadedEditorAssemblies (435ms)
				LogAssemblyErrors (0ms)
				InitializePlatformSupportModulesInManaged (8ms)
				SetLoadedEditorAssemblies (1ms)
				RefreshPlugins (1ms)
				BeforeProcessingInitializeOnLoad (130ms)
				ProcessInitializeOnLoadAttributes (278ms)
				ProcessInitializeOnLoadMethodAttributes (9ms)
				AfterProcessingInitializeOnLoad (10ms)
				EditorAssembliesLoaded (0ms)
			ExecutionOrderSort2 (0ms)
			AwakeInstancesAfterBackupRestoration (13ms)
Platform modules already initialized, skipping
Refreshing native plugins compatible for Editor in 0.56 ms, found 3 plugins.
Preloading 0 native plugins for Editor in 0.00 ms.
Unloading 2114 Unused Serialized files (Serialized files now loaded: 0)
System memory in use before: 97.8 MB.
System memory in use after: 97.9 MB.

Unloading 14 unused Assets to reduce memory usage. Loaded Objects now: 2657.
Total: 4.150000 ms (FindLiveObjects: 0.252600 ms CreateObjectMapping: 0.112100 ms MarkObjects: 3.760200 ms  DeleteObjects: 0.023600 ms)

AssetImportParameters requested are different than current active one (requested -> active):
  custom:framework-win-MediaFoundation: 216162199b28c13a410421893ffa2e32 -> 
  custom:video-decoder-ogg-theora: a1e56fd34408186e4bbccfd4996cb3dc -> 
  custom:container-muxer-webm: aa71ff27fc2769a1b78a27578f13a17b -> 
  custom:container-demuxer-webm: 4f35f7cbe854078d1ac9338744f61a02 -> 
  custom:container-demuxer-ogg: 62fdf1f143b41e24485cea50d1cbac27 -> 
  custom:video-encoder-webm-vp8: eb34c28f22e8b96e1ab97ce403110664 -> 
  custom:video-decoder-webm-vp8: 9c59270c3fd7afecdb556c50c9e8de78 -> 
  custom:audio-decoder-ogg-vorbis: bf7c407c2cedff20999df2af8eb42d56 -> 
  custom:audio-encoder-webm-vorbis: bf7c407c2cedff20999df2af8eb42d56 -> 
========================================================================
Received Import Request.
  Time since last request: 936.371604 seconds.
  path: Assets/Scripts/Yasemin/BubbleBlinkFirst.cs
  artifactKey: Guid(9d83473e845bbcb4fbc2c87da84be65e) Importer(815301076,1909f56bfc062723c751e8b465ee728b)
Start importing Assets/Scripts/Yasemin/BubbleBlinkFirst.cs using Guid(9d83473e845bbcb4fbc2c87da84be65e) Importer(815301076,1909f56bfc062723c751e8b465ee728b)  -> (artifact id: '45e947d90c8fffa3e45db664ea97a870') in 0.083742 seconds 
  Import took 0.092575 seconds .

========================================================================
Received Prepare
Registering precompiled user dll's ...
Registered in 0.190284 seconds.
Begin MonoManager ReloadAssembly
Native extension for WindowsStandalone target not found
Refreshing native plugins compatible for Editor in 0.61 ms, found 3 plugins.
Preloading 0 native plugins for Editor in 0.00 ms.
Mono: successfully reloaded assembly
- Completed reload, in  1.629 seconds
Domain Reload Profiling:
	ReloadAssembly (1630ms)
		BeginReloadAssembly (233ms)
			ExecutionOrderSort (0ms)
			DisableScriptedObjects (14ms)
			BackupInstance (0ms)
			ReleaseScriptingObjects (0ms)
			CreateAndSetChildDomain (63ms)
		EndReloadAssembly (1315ms)
			LoadAssemblies (181ms)
			RebuildTransferFunctionScriptingTraits (0ms)
			SetupTypeCache (385ms)
			ReleaseScriptCaches (1ms)
			RebuildScriptCaches (90ms)
			SetupLoadedEditorAssemblies (510ms)
				LogAssemblyErrors (0ms)
				InitializePlatformSupportModulesInManaged (8ms)
				SetLoadedEditorAssemblies (1ms)
				RefreshPlugins (1ms)
				BeforeProcessingInitializeOnLoad (149ms)
				ProcessInitializeOnLoadAttributes (332ms)
				ProcessInitializeOnLoadMethodAttributes (8ms)
				AfterProcessingInitializeOnLoad (12ms)
				EditorAssembliesLoaded (0ms)
			ExecutionOrderSort2 (0ms)
			AwakeInstancesAfterBackupRestoration (17ms)
Platform modules already initialized, skipping
Refreshing native plugins compatible for Editor in 0.48 ms, found 3 plugins.
Preloading 0 native plugins for Editor in 0.00 ms.
Unloading 2113 Unused Serialized files (Serialized files now loaded: 0)
System memory in use before: 97.8 MB.
System memory in use after: 97.9 MB.

Unloading 15 unused Assets to reduce memory usage. Loaded Objects now: 2659.
Total: 3.437900 ms (FindLiveObjects: 0.211300 ms CreateObjectMapping: 0.161400 ms MarkObjects: 3.040200 ms  DeleteObjects: 0.023600 ms)

AssetImportParameters requested are different than current active one (requested -> active):
  custom:framework-win-MediaFoundation: 216162199b28c13a410421893ffa2e32 -> 
  custom:video-decoder-ogg-theora: a1e56fd34408186e4bbccfd4996cb3dc -> 
  custom:container-muxer-webm: aa71ff27fc2769a1b78a27578f13a17b -> 
  custom:container-demuxer-webm: 4f35f7cbe854078d1ac9338744f61a02 -> 
  custom:container-demuxer-ogg: 62fdf1f143b41e24485cea50d1cbac27 -> 
  custom:video-encoder-webm-vp8: eb34c28f22e8b96e1ab97ce403110664 -> 
  custom:video-decoder-webm-vp8: 9c59270c3fd7afecdb556c50c9e8de78 -> 
  custom:audio-decoder-ogg-vorbis: bf7c407c2cedff20999df2af8eb42d56 -> 
  custom:audio-encoder-webm-vorbis: bf7c407c2cedff20999df2af8eb42d56 -> 
========================================================================
Received Import Request.
  Time since last request: 15.102711 seconds.
  path: Assets/Scripts/Yasemin/BackgroundMusic.cs
  artifactKey: Guid(1cd7b2b74713c8b4291d9dde29284fe1) Importer(815301076,1909f56bfc062723c751e8b465ee728b)
Start importing Assets/Scripts/Yasemin/BackgroundMusic.cs using Guid(1cd7b2b74713c8b4291d9dde29284fe1) Importer(815301076,1909f56bfc062723c751e8b465ee728b)  -> (artifact id: 'd8eeb26ea93d9cde457915575e5dd1df') in 0.014252 seconds 
  Import took 0.020080 seconds .

========================================================================
Received Prepare
Registering precompiled user dll's ...
Registered in 0.005299 seconds.
Begin MonoManager ReloadAssembly
Native extension for WindowsStandalone target not found
Refreshing native plugins compatible for Editor in 1.57 ms, found 3 plugins.
Preloading 0 native plugins for Editor in 0.00 ms.
Mono: successfully reloaded assembly
- Completed reload, in  1.540 seconds
Domain Reload Profiling:
	ReloadAssembly (1541ms)
		BeginReloadAssembly (229ms)
			ExecutionOrderSort (0ms)
			DisableScriptedObjects (12ms)
			BackupInstance (0ms)
			ReleaseScriptingObjects (0ms)
			CreateAndSetChildDomain (57ms)
		EndReloadAssembly (1228ms)
			LoadAssemblies (124ms)
			RebuildTransferFunctionScriptingTraits (0ms)
			SetupTypeCache (425ms)
			ReleaseScriptCaches (1ms)
			RebuildScriptCaches (64ms)
			SetupLoadedEditorAssemblies (477ms)
				LogAssemblyErrors (0ms)
				InitializePlatformSupportModulesInManaged (7ms)
				SetLoadedEditorAssemblies (1ms)
				RefreshPlugins (2ms)
				BeforeProcessingInitializeOnLoad (147ms)
				ProcessInitializeOnLoadAttributes (305ms)
				ProcessInitializeOnLoadMethodAttributes (8ms)
				AfterProcessingInitializeOnLoad (8ms)
				EditorAssembliesLoaded (0ms)
			ExecutionOrderSort2 (0ms)
			AwakeInstancesAfterBackupRestoration (14ms)
Platform modules already initialized, skipping
Refreshing native plugins compatible for Editor in 0.48 ms, found 3 plugins.
Preloading 0 native plugins for Editor in 0.00 ms.
Unloading 2113 Unused Serialized files (Serialized files now loaded: 0)
System memory in use before: 97.8 MB.
System memory in use after: 97.9 MB.

Unloading 14 unused Assets to reduce memory usage. Loaded Objects now: 2662.
Total: 5.045600 ms (FindLiveObjects: 0.197700 ms CreateObjectMapping: 0.094900 ms MarkObjects: 4.726600 ms  DeleteObjects: 0.024800 ms)

AssetImportParameters requested are different than current active one (requested -> active):
  custom:framework-win-MediaFoundation: 216162199b28c13a410421893ffa2e32 -> 
  custom:video-decoder-ogg-theora: a1e56fd34408186e4bbccfd4996cb3dc -> 
  custom:container-muxer-webm: aa71ff27fc2769a1b78a27578f13a17b -> 
  custom:container-demuxer-webm: 4f35f7cbe854078d1ac9338744f61a02 -> 
  custom:container-demuxer-ogg: 62fdf1f143b41e24485cea50d1cbac27 -> 
  custom:video-encoder-webm-vp8: eb34c28f22e8b96e1ab97ce403110664 -> 
  custom:video-decoder-webm-vp8: 9c59270c3fd7afecdb556c50c9e8de78 -> 
  custom:audio-decoder-ogg-vorbis: bf7c407c2cedff20999df2af8eb42d56 -> 
  custom:audio-encoder-webm-vorbis: bf7c407c2cedff20999df2af8eb42d56 -> 
========================================================================
Received Import Request.
  Time since last request: 102.067615 seconds.
  path: Assets/Scripts/Yasemin/OptionsMenu.cs
  artifactKey: Guid(0beef55cdb19c664b8b0e7b03b0e0e60) Importer(815301076,1909f56bfc062723c751e8b465ee728b)
Start importing Assets/Scripts/Yasemin/OptionsMenu.cs using Guid(0beef55cdb19c664b8b0e7b03b0e0e60) Importer(815301076,1909f56bfc062723c751e8b465ee728b)  -> (artifact id: 'd6de12e3e8a647f522438ce9605d21f3') in 0.018301 seconds 
  Import took 0.024497 seconds .

========================================================================
Received Import Request.
  Time since last request: 11.061247 seconds.
  path: Assets/Scripts/Yasemin/MainMenu.cs
  artifactKey: Guid(8c886e94d45546d40a10ce36f7b5f6a7) Importer(815301076,1909f56bfc062723c751e8b465ee728b)
Start importing Assets/Scripts/Yasemin/MainMenu.cs using Guid(8c886e94d45546d40a10ce36f7b5f6a7) Importer(815301076,1909f56bfc062723c751e8b465ee728b)  -> (artifact id: '29fbce112d584ec3ad05eee2835adae8') in 0.011531 seconds 
  Import took 0.017122 seconds .

========================================================================
Received Prepare
Registering precompiled user dll's ...
Registered in 0.012476 seconds.
Begin MonoManager ReloadAssembly
Native extension for WindowsStandalone target not found
Refreshing native plugins compatible for Editor in 0.49 ms, found 3 plugins.
Preloading 0 native plugins for Editor in 0.00 ms.
Mono: successfully reloaded assembly
- Completed reload, in  1.462 seconds
Domain Reload Profiling:
	ReloadAssembly (1462ms)
		BeginReloadAssembly (140ms)
			ExecutionOrderSort (0ms)
			DisableScriptedObjects (9ms)
			BackupInstance (0ms)
			ReleaseScriptingObjects (0ms)
			CreateAndSetChildDomain (43ms)
		EndReloadAssembly (1241ms)
			LoadAssemblies (118ms)
			RebuildTransferFunctionScriptingTraits (0ms)
			SetupTypeCache (387ms)
			ReleaseScriptCaches (1ms)
			RebuildScriptCaches (64ms)
			SetupLoadedEditorAssemblies (523ms)
				LogAssemblyErrors (0ms)
				InitializePlatformSupportModulesInManaged (8ms)
				SetLoadedEditorAssemblies (1ms)
				RefreshPlugins (1ms)
				BeforeProcessingInitializeOnLoad (157ms)
				ProcessInitializeOnLoadAttributes (335ms)
				ProcessInitializeOnLoadMethodAttributes (10ms)
				AfterProcessingInitializeOnLoad (11ms)
				EditorAssembliesLoaded (0ms)
			ExecutionOrderSort2 (0ms)
			AwakeInstancesAfterBackupRestoration (16ms)
Platform modules already initialized, skipping
Refreshing native plugins compatible for Editor in 0.51 ms, found 3 plugins.
Preloading 0 native plugins for Editor in 0.00 ms.
Unloading 2113 Unused Serialized files (Serialized files now loaded: 0)
System memory in use before: 97.8 MB.
System memory in use after: 97.9 MB.

Unloading 14 unused Assets to reduce memory usage. Loaded Objects now: 2665.
Total: 5.525800 ms (FindLiveObjects: 0.263900 ms CreateObjectMapping: 1.356600 ms MarkObjects: 3.875800 ms  DeleteObjects: 0.027800 ms)

AssetImportParameters requested are different than current active one (requested -> active):
  custom:framework-win-MediaFoundation: 216162199b28c13a410421893ffa2e32 -> 
  custom:video-decoder-ogg-theora: a1e56fd34408186e4bbccfd4996cb3dc -> 
  custom:container-muxer-webm: aa71ff27fc2769a1b78a27578f13a17b -> 
  custom:container-demuxer-webm: 4f35f7cbe854078d1ac9338744f61a02 -> 
  custom:container-demuxer-ogg: 62fdf1f143b41e24485cea50d1cbac27 -> 
  custom:video-encoder-webm-vp8: eb34c28f22e8b96e1ab97ce403110664 -> 
  custom:video-decoder-webm-vp8: 9c59270c3fd7afecdb556c50c9e8de78 -> 
  custom:audio-decoder-ogg-vorbis: bf7c407c2cedff20999df2af8eb42d56 -> 
  custom:audio-encoder-webm-vorbis: bf7c407c2cedff20999df2af8eb42d56 -> 
========================================================================
Received Import Request.
  Time since last request: 101.978273 seconds.
  path: Assets/Scripts/Yasemin/AudioVisuals.cs
  artifactKey: Guid(3183700634e872645a48c80fd17e042c) Importer(815301076,1909f56bfc062723c751e8b465ee728b)
Start importing Assets/Scripts/Yasemin/AudioVisuals.cs using Guid(3183700634e872645a48c80fd17e042c) Importer(815301076,1909f56bfc062723c751e8b465ee728b)  -> (artifact id: '1b7a76bbc92bdf7fe0e29a5c0306942f') in 0.013919 seconds 
  Import took 0.019880 seconds .

========================================================================
Received Import Request.
  Time since last request: 335.524084 seconds.
  path: Assets/UserInterface_Yasemin/Sprites/PauseMenu.png
  artifactKey: Guid(62f1e87a2c3c44343a41ed102bba64b9) Importer(815301076,1909f56bfc062723c751e8b465ee728b)
Start importing Assets/UserInterface_Yasemin/Sprites/PauseMenu.png using Guid(62f1e87a2c3c44343a41ed102bba64b9) Importer(815301076,1909f56bfc062723c751e8b465ee728b)  -> (artifact id: '6afb55df8292788643b9b267db6226b4') in 0.741499 seconds 
  Import took 0.924659 seconds .

========================================================================
Received Prepare
Registering precompiled user dll's ...
Registered in 0.011614 seconds.
Begin MonoManager ReloadAssembly
Native extension for WindowsStandalone target not found
Refreshing native plugins compatible for Editor in 0.51 ms, found 3 plugins.
Preloading 0 native plugins for Editor in 0.00 ms.
Mono: successfully reloaded assembly
- Completed reload, in  1.978 seconds
Domain Reload Profiling:
	ReloadAssembly (1980ms)
		BeginReloadAssembly (448ms)
			ExecutionOrderSort (0ms)
			DisableScriptedObjects (36ms)
			BackupInstance (0ms)
			ReleaseScriptingObjects (1ms)
			CreateAndSetChildDomain (253ms)
		EndReloadAssembly (1436ms)
			LoadAssemblies (199ms)
			RebuildTransferFunctionScriptingTraits (0ms)
			SetupTypeCache (475ms)
			ReleaseScriptCaches (1ms)
			RebuildScriptCaches (62ms)
			SetupLoadedEditorAssemblies (562ms)
				LogAssemblyErrors (0ms)
				InitializePlatformSupportModulesInManaged (7ms)
				SetLoadedEditorAssemblies (1ms)
				RefreshPlugins (1ms)
				BeforeProcessingInitializeOnLoad (143ms)
				ProcessInitializeOnLoadAttributes (387ms)
				ProcessInitializeOnLoadMethodAttributes (11ms)
				AfterProcessingInitializeOnLoad (13ms)
				EditorAssembliesLoaded (0ms)
			ExecutionOrderSort2 (0ms)
			AwakeInstancesAfterBackupRestoration (22ms)
Platform modules already initialized, skipping
Refreshing native plugins compatible for Editor in 0.52 ms, found 3 plugins.
Preloading 0 native plugins for Editor in 0.00 ms.
Unloading 2113 Unused Serialized files (Serialized files now loaded: 0)
System memory in use before: 97.8 MB.
System memory in use after: 97.9 MB.

Unloading 14 unused Assets to reduce memory usage. Loaded Objects now: 2671.
Total: 4.391200 ms (FindLiveObjects: 0.223600 ms CreateObjectMapping: 0.096700 ms MarkObjects: 4.033900 ms  DeleteObjects: 0.035900 ms)

AssetImportParameters requested are different than current active one (requested -> active):
  custom:framework-win-MediaFoundation: 216162199b28c13a410421893ffa2e32 -> 
  custom:video-decoder-ogg-theora: a1e56fd34408186e4bbccfd4996cb3dc -> 
  custom:container-muxer-webm: aa71ff27fc2769a1b78a27578f13a17b -> 
  custom:container-demuxer-webm: 4f35f7cbe854078d1ac9338744f61a02 -> 
  custom:container-demuxer-ogg: 62fdf1f143b41e24485cea50d1cbac27 -> 
  custom:video-encoder-webm-vp8: eb34c28f22e8b96e1ab97ce403110664 -> 
  custom:video-decoder-webm-vp8: 9c59270c3fd7afecdb556c50c9e8de78 -> 
  custom:audio-decoder-ogg-vorbis: bf7c407c2cedff20999df2af8eb42d56 -> 
  custom:audio-encoder-webm-vorbis: bf7c407c2cedff20999df2af8eb42d56 -> 
AssetImportWorkerClient::OnTransportError - code=2 error=End of file
